#
# A fatal error has been detected by the Java Runtime Environment:
#
#  SIGSEGV (0xb) at pc=0x00007f54ffdc31da, pid=23476, tid=0x00007f54a8d23700
#
# JRE version: Java(TM) SE Runtime Environment (8.0_181-b13) (build 1.8.0_181-b13)
# Java VM: Java HotSpot(TM) 64-Bit Server VM (25.181-b13 mixed mode linux-amd64 compressed oops)
# Problematic frame:
# V  [libjvm.so+0x6da1da]  jni_invoke_nonstatic(JNIEnv_*, JavaValue*, _jobject*, JNICallType, _jmethodID*, JNI_ArgumentPusher*, Thread*)+0x93a
#
# Failed to write core dump. Core dumps have been disabled. To enable core dumping, try "ulimit -c unlimited" before starting Java again
#
# If you would like to submit a bug report, please visit:
#   http://bugreport.java.com/bugreport/crash.jsp
#

---------------  T H R E A D  ---------------

Current thread (0x00007f54f82b8800):  JavaThread "JavaFX Application Thread" [_thread_in_vm, id=23494, stack(0x00007f54a8c23000,0x00007f54a8d24000)]

siginfo: si_signo: 11 (SIGSEGV), si_code: 1 (SEGV_MAPERR), si_addr: 0x0000000000035c50

Registers:
RAX=0x0000000000000042, RBX=0x0000000000000005, RCX=0x0000000000000003, RDX=0x0000000000035888
RSP=0x00007f54a8d22140, RBP=0x00007f54a8d222c0, RSI=0x00000001000a48f8, RDI=0x00007f54f82b89f8
R8 =0x0000000000000042, R9 =0x00007f54a8d222f0, R10=0x00007f549c000e40, R11=0x00007f54e9417360
R12=0x00007f549c62b4f0, R13=0x00007f54f8243d28, R14=0x0000000000000000, R15=0x00007f54f82aaa28
RIP=0x00007f54ffdc31da, EFLAGS=0x0000000000010206, CSGSFS=0x002b000000000033, ERR=0x0000000000000004
  TRAPNO=0x000000000000000e

Top of Stack: (sp=0x00007f54a8d22140)
0x00007f54a8d22140:   00007f54a8d22840 00007f54a8d22460
0x00007f54a8d22150:   00007f54a8d221a0 00007f54a8d22220
0x00007f54a8d22160:   00007f54a8d222f0 00007f54a8d22350
0x00007f54a8d22170:   00007f54f82b89f8 00007f54ffde23e0
0x00007f54a8d22180:   00007f54c40118d0 00007f54c40118e0
0x00007f54a8d22190:   00007f54c4011cb8 00000000000003d8
0x00007f54a8d221a0:   0000000000000000 00000000d91085a0
0x00007f54a8d221b0:   00007f540000006f 00007f540000000a
0x00007f54a8d221c0:   00000000d78355f0 0000000000000000
0x00007f54a8d221d0:   0000000000000000 0000000000000000
0x00007f54a8d221e0:   00007f54fce94d78 0000000100000100
0x00007f54a8d221f0:   0000000000000000 00007f54a8d221a8
0x00007f54a8d22200:   00007f54a8d221e9 0000000800000005
0x00007f54a8d22210:   00007f54a8d22200 00007f54f82aab00
0x00007f54a8d22220:   00007f5500658430 00007f550119d870
0x00007f54a8d22230:   00000000f82aa990 00007f54f82b8800
0x00007f54a8d22240:   0000000000000000 00007f54ffdc2cab
0x00007f54a8d22250:   00007f54fce9efa0 00007f54f82b8800
0x00007f54a8d22260:   00007f54fce9efa0 00007f54f82b8800
0x00007f54a8d22270:   00007f54a8d22400 00007f54fce9efa0
0x00007f54a8d22280:   00007f54fce9efa0 00007f54fce9efa0
0x00007f54a8d22290:   00007f54c40118d0 00007f54a8d222f0
0x00007f54a8d222a0:   00007f54f82b8800 00007f54a8d22330
0x00007f54a8d222b0:   00007f54f8243d28 00007f54f82b89f8
0x00007f54a8d222c0:   00007f54a8d223b0 00007f54ffdc707f
0x00007f54a8d222d0:   00007f54f82b8800 00007f54d2dcd614
0x00007f54a8d222e0:   00007f54a8d223c8 00007f549c000080
0x00007f54a8d222f0:   00007f55006590b0 00007f550119d870
0x00007f54a8d22300:   00000000a8d22370 0000001000000063
0x00007f54a8d22310:   0000000000000000 0000003000000018
0x00007f54a8d22320:   00007f54a8d224a0 00007f54a8d223e0
0x00007f54a8d22330:   00007f54f82b8800 0000000000000000 

Instructions: (pc=0x00007f54ffdc31da)
0x00007f54ffdc31ba:   f8 fe 0f 84 72 f7 ff ff 48 8b 05 2f 9c 8a 00 80
0x00007f54ffdc31ca:   38 00 0f 85 ed 00 00 00 49 8b 54 24 08 49 63 c0
0x00007f54ffdc31da:   4c 8b ac c2 b8 01 00 00 e9 50 f7 ff ff 66 0f 1f
0x00007f54ffdc31ea:   84 00 00 00 00 00 e8 db d7 1d 00 89 c0 48 8d 14 

Register to memory mapping:

RAX=0x0000000000000042 is an unknown value
RBX=0x0000000000000005 is an unknown value
RCX=0x0000000000000003 is an unknown value
RDX=0x0000000000035888 is an unknown value
RSP=0x00007f54a8d22140 is pointing into the stack for thread: 0x00007f54f82b8800
RBP=0x00007f54a8d222c0 is pointing into the stack for thread: 0x00007f54f82b8800
RSI=0x00000001000a48f8 is pointing into metadata
RDI=0x00007f54f82b89f8 is an unknown value
R8 =0x0000000000000042 is an unknown value
R9 =0x00007f54a8d222f0 is pointing into the stack for thread: 0x00007f54f82b8800
R10=0x00007f549c000e40 is an unknown value
R11=0x00007f54e9417360 is at entry_point+32 in (nmethod*)0x00007f54e94171d0
R12=0x00007f549c62b4f0 is an unknown value
R13=0x00007f54f8243d28 is an unknown value
R14=0x0000000000000000 is an unknown value
R15=0x00007f54f82aaa28 is an unknown value


Stack: [0x00007f54a8c23000,0x00007f54a8d24000],  sp=0x00007f54a8d22140,  free space=1020k
Native frames: (J=compiled Java code, j=interpreted, Vv=VM code, C=native code)
V  [libjvm.so+0x6da1da]  jni_invoke_nonstatic(JNIEnv_*, JavaValue*, _jobject*, JNICallType, _jmethodID*, JNI_ArgumentPusher*, Thread*)+0x93a
V  [libjvm.so+0x6de07f]  jni_CallVoidMethodV+0x10f
C  [libglass.so+0x18221]  JNIEnv_::CallVoidMethod(_jobject*, _jmethodID*, ...)+0x81
C  [libglass.so+0x1dbcf]  WindowContextBase::process_key(_GdkEventKey*)+0x20f
C  [libglass.so+0x1c0a0]  WindowContextBase::im_filter_keypress(_GdkEventKey*)+0x1c0
C  [libglass.so+0x21d3c]  process_events(_GdkEvent*, void*)+0x22c
C  [libgdk-x11-2.0.so.0+0x5b02c]

Java frames: (J=compiled Java code, j=interpreted, Vv=VM code)
j  com.sun.glass.ui.gtk.GtkApplication._runLoop(Ljava/lang/Runnable;Z)V+0
j  com.sun.glass.ui.gtk.GtkApplication.lambda$null$48(Ljava/lang/Runnable;Z)V+7
j  com.sun.glass.ui.gtk.GtkApplication$$Lambda$41.run()V+12
j  java.lang.Thread.run()V+11
v  ~StubRoutines::call_stub

---------------  P R O C E S S  ---------------

Java Threads: ( => current thread )
  0x00007f549c34d800 JavaThread "Abandoned connection cleanup thread" daemon [_thread_blocked, id=23497, stack(0x00007f549a2ac000,0x00007f549a3ad000)]
  0x00007f549c28e800 JavaThread "Prism Font Disposer" daemon [_thread_blocked, id=23496, stack(0x00007f549bc5d000,0x00007f549bd5e000)]
  0x00007f54f82bb800 JavaThread "JavaFX-Launcher" [_thread_blocked, id=23495, stack(0x00007f54a8b22000,0x00007f54a8c23000)]
=>0x00007f54f82b8800 JavaThread "JavaFX Application Thread" [_thread_in_vm, id=23494, stack(0x00007f54a8c23000,0x00007f54a8d24000)]
  0x00007f54f828f800 JavaThread "Thread-1" daemon [_thread_blocked, id=23493, stack(0x00007f54a8d24000,0x00007f54a8e25000)]
  0x00007f54f822c800 JavaThread "QuantumRenderer-0" daemon [_thread_blocked, id=23492, stack(0x00007f54e815d000,0x00007f54e825e000)]
  0x00007f54f8164800 JavaThread "Service Thread" daemon [_thread_blocked, id=23490, stack(0x00007f54e83f4000,0x00007f54e84f5000)]
  0x00007f54f8161800 JavaThread "C1 CompilerThread1" daemon [_thread_blocked, id=23489, stack(0x00007f54e84f6000,0x00007f54e85f6000)]
  0x00007f54f815f000 JavaThread "C2 CompilerThread0" daemon [_thread_in_native, id=23488, stack(0x00007f54e85f7000,0x00007f54e86f7000)]
  0x00007f54f815d800 JavaThread "Signal Dispatcher" daemon [_thread_blocked, id=23487, stack(0x00007f54e86f7000,0x00007f54e87f8000)]
  0x00007f54f812a800 JavaThread "Finalizer" daemon [_thread_blocked, id=23486, stack(0x00007f54e87f8000,0x00007f54e88f9000)]
  0x00007f54f8128000 JavaThread "Reference Handler" daemon [_thread_blocked, id=23485, stack(0x00007f54e88f9000,0x00007f54e89fa000)]
  0x00007f54f800b800 JavaThread "main" [_thread_blocked, id=23478, stack(0x00007f550121a000,0x00007f550131a000)]

Other Threads:
  0x00007f54f811e800 VMThread [stack: 0x00007f54e89fb000,0x00007f54e8afb000] [id=23484]
  0x00007f54f8169800 WatcherThread [stack: 0x00007f54e82f4000,0x00007f54e83f4000] [id=23491]

VM state:not at safepoint (normal execution)

VM Mutex/Monitor currently owned by a thread: None

Heap:
 PSYoungGen      total 36864K, used 21082K [0x00000000d7200000, 0x00000000d9b00000, 0x0000000100000000)
  eden space 31744K, 50% used [0x00000000d7200000,0x00000000d819aea8,0x00000000d9100000)
  from space 5120K, 99% used [0x00000000d9100000,0x00000000d95fbd50,0x00000000d9600000)
  to   space 5120K, 0% used [0x00000000d9600000,0x00000000d9600000,0x00000000d9b00000)
 ParOldGen       total 84992K, used 299K [0x0000000085600000, 0x000000008a900000, 0x00000000d7200000)
  object space 84992K, 0% used [0x0000000085600000,0x000000008564af98,0x000000008a900000)
 Metaspace       used 20380K, capacity 21168K, committed 21248K, reserved 1067008K
  class space    used 2826K, capacity 3040K, committed 3072K, reserved 1048576K

Card table byte_map: [0x00007f54fdb14000,0x00007f54fdeea000] byte_map_base: 0x00007f54fd6e9000

Marking Bits: (ParMarkBitMap*) 0x00007f55006bd0a0
 Begin Bits: [0x00007f54d82b0000, 0x00007f54da158000)
 End Bits:   [0x00007f54da158000, 0x00007f54dc000000)

Polling page: 0x00007f5501338000

CodeCache: size=245760Kb used=6864Kb max_used=6876Kb free=238895Kb
 bounds [0x00007f54e9000000, 0x00007f54e96c0000, 0x00007f54f8000000]
 total_blobs=3068 nmethods=2362 adapters=619
 compilation: enabled

Compilation events (10 events):
Event: 6,448 Thread 0x00007f54f8161800 2356       3       javafx.collections.ModifiableObservableListBase::<init> (5 bytes)
Event: 6,448 Thread 0x00007f54f8161800 nmethod 2356 0x00007f54e96b3750 code [0x00007f54e96b38e0, 0x00007f54e96b3cf0]
Event: 6,448 Thread 0x00007f54f8161800 2353       1       javafx.scene.text.Font::impl_getNativeFont (5 bytes)
Event: 6,448 Thread 0x00007f54f8161800 nmethod 2353 0x00007f54e96b3f10 code [0x00007f54e96b4060, 0x00007f54e96b4170]
Event: 6,448 Thread 0x00007f54f8161800 2359       1       com.sun.javafx.font.PrismFontFile::getDefaultAAMode (2 bytes)
Event: 6,448 Thread 0x00007f54f8161800 nmethod 2359 0x00007f54e96b41d0 code [0x00007f54e96b4320, 0x00007f54e96b4430]
Event: 6,448 Thread 0x00007f54f8161800 2360       1       javafx.scene.text.Text$TextAttribute::access$1700 (5 bytes)
Event: 6,448 Thread 0x00007f54f8161800 nmethod 2360 0x00007f54e96b4490 code [0x00007f54e96b45e0, 0x00007f54e96b46d0]
Event: 6,448 Thread 0x00007f54f8161800 2361       1       javafx.scene.text.Text$TextAttribute::access$1800 (5 bytes)
Event: 6,448 Thread 0x00007f54f8161800 nmethod 2361 0x00007f54e96b4750 code [0x00007f54e96b48a0, 0x00007f54e96b4990]

GC Heap History (2 events):
Event: 0,767 GC heap before
{Heap before GC invocations=1 (full 0):
 PSYoungGen      total 36864K, used 31744K [0x00000000d7200000, 0x00000000d9b00000, 0x0000000100000000)
  eden space 31744K, 100% used [0x00000000d7200000,0x00000000d9100000,0x00000000d9100000)
  from space 5120K, 0% used [0x00000000d9600000,0x00000000d9600000,0x00000000d9b00000)
  to   space 5120K, 0% used [0x00000000d9100000,0x00000000d9100000,0x00000000d9600000)
 ParOldGen       total 84992K, used 0K [0x0000000085600000, 0x000000008a900000, 0x00000000d7200000)
  object space 84992K, 0% used [0x0000000085600000,0x0000000085600000,0x000000008a900000)
 Metaspace       used 15310K, capacity 16002K, committed 16128K, reserved 1062912K
  class space    used 2305K, capacity 2503K, committed 2560K, reserved 1048576K
Event: 0,772 GC heap after
Heap after GC invocations=1 (full 0):
 PSYoungGen      total 36864K, used 5103K [0x00000000d7200000, 0x00000000d9b00000, 0x0000000100000000)
  eden space 31744K, 0% used [0x00000000d7200000,0x00000000d7200000,0x00000000d9100000)
  from space 5120K, 99% used [0x00000000d9100000,0x00000000d95fbd50,0x00000000d9600000)
  to   space 5120K, 0% used [0x00000000d9600000,0x00000000d9600000,0x00000000d9b00000)
 ParOldGen       total 84992K, used 299K [0x0000000085600000, 0x000000008a900000, 0x00000000d7200000)
  object space 84992K, 0% used [0x0000000085600000,0x000000008564af98,0x000000008a900000)
 Metaspace       used 15310K, capacity 16002K, committed 16128K, reserved 1062912K
  class space    used 2305K, capacity 2503K, committed 2560K, reserved 1048576K
}

Deoptimization events (10 events):
Event: 6,263 Thread 0x00007f54f82b8800 Uncommon trap: reason=unstable_if action=reinterpret pc=0x00007f54e91eb410 method=java.lang.String.indexOf([CII[CIII)I @ 3
Event: 6,393 Thread 0x00007f54f82b8800 Uncommon trap: reason=class_check action=maybe_recompile pc=0x00007f54e939848c method=java.io.FilterInputStream.read()I @ 4
Event: 6,393 Thread 0x00007f54f82b8800 Uncommon trap: reason=class_check action=maybe_recompile pc=0x00007f54e939848c method=java.io.FilterInputStream.read()I @ 4
Event: 6,393 Thread 0x00007f54f82b8800 Uncommon trap: reason=class_check action=maybe_recompile pc=0x00007f54e939848c method=java.io.FilterInputStream.read()I @ 4
Event: 6,393 Thread 0x00007f54f82b8800 Uncommon trap: reason=class_check action=maybe_recompile pc=0x00007f54e939848c method=java.io.FilterInputStream.read()I @ 4
Event: 6,410 Thread 0x00007f54f82b8800 Uncommon trap: reason=class_check action=maybe_recompile pc=0x00007f54e9575108 method=javafx.scene.Node.updateLocalToParentTransform()V @ 11
Event: 6,410 Thread 0x00007f54f82b8800 Uncommon trap: reason=class_check action=maybe_recompile pc=0x00007f54e9575108 method=javafx.scene.Node.updateLocalToParentTransform()V @ 11
Event: 6,417 Thread 0x00007f54f82b8800 Uncommon trap: reason=class_check action=maybe_recompile pc=0x00007f54e9575108 method=javafx.scene.Node.updateLocalToParentTransform()V @ 11
Event: 6,421 Thread 0x00007f54f82b8800 Uncommon trap: reason=class_check action=maybe_recompile pc=0x00007f54e9575108 method=javafx.scene.Node.updateLocalToParentTransform()V @ 11
Event: 6,438 Thread 0x00007f54f82b8800 Uncommon trap: reason=unstable_if action=reinterpret pc=0x00007f54e95868d8 method=com.sun.javafx.geom.transform.AffineBase.updateState2D()V @ 86

Classes redefined (0 events):
No events

Internal exceptions (10 events):
Event: 6,167 Thread 0x00007f54f82b8800 Exception <a 'java/security/PrivilegedActionException'> (0x00000000d78de260) thrown at [/HUDSON/workspace/8-2-build-linux-amd64/jdk8u181/11358/hotspot/src/share/vm/prims/jvm.cpp, line 1435]
Event: 6,167 Thread 0x00007f54f82b8800 Exception <a 'java/security/PrivilegedActionException'> (0x00000000d78dea28) thrown at [/HUDSON/workspace/8-2-build-linux-amd64/jdk8u181/11358/hotspot/src/share/vm/prims/jvm.cpp, line 1435]
Event: 6,173 Thread 0x00007f54f82b8800 Exception <a 'java/security/PrivilegedActionException'> (0x00000000d79305a8) thrown at [/HUDSON/workspace/8-2-build-linux-amd64/jdk8u181/11358/hotspot/src/share/vm/prims/jvm.cpp, line 1435]
Event: 6,173 Thread 0x00007f54f82b8800 Exception <a 'java/security/PrivilegedActionException'> (0x00000000d7930d70) thrown at [/HUDSON/workspace/8-2-build-linux-amd64/jdk8u181/11358/hotspot/src/share/vm/prims/jvm.cpp, line 1435]
Event: 6,173 Thread 0x00007f54f82b8800 Exception <a 'java/security/PrivilegedActionException'> (0x00000000d7933ba0) thrown at [/HUDSON/workspace/8-2-build-linux-amd64/jdk8u181/11358/hotspot/src/share/vm/prims/jvm.cpp, line 1435]
Event: 6,173 Thread 0x00007f54f82b8800 Exception <a 'java/security/PrivilegedActionException'> (0x00000000d7934368) thrown at [/HUDSON/workspace/8-2-build-linux-amd64/jdk8u181/11358/hotspot/src/share/vm/prims/jvm.cpp, line 1435]
Event: 6,173 Thread 0x00007f54f82b8800 Exception <a 'java/security/PrivilegedActionException'> (0x00000000d7937448) thrown at [/HUDSON/workspace/8-2-build-linux-amd64/jdk8u181/11358/hotspot/src/share/vm/prims/jvm.cpp, line 1435]
Event: 6,173 Thread 0x00007f54f82b8800 Exception <a 'java/security/PrivilegedActionException'> (0x00000000d7937c10) thrown at [/HUDSON/workspace/8-2-build-linux-amd64/jdk8u181/11358/hotspot/src/share/vm/prims/jvm.cpp, line 1435]
Event: 6,173 Thread 0x00007f54f82b8800 Exception <a 'java/security/PrivilegedActionException'> (0x00000000d793aaa0) thrown at [/HUDSON/workspace/8-2-build-linux-amd64/jdk8u181/11358/hotspot/src/share/vm/prims/jvm.cpp, line 1435]
Event: 6,173 Thread 0x00007f54f82b8800 Exception <a 'java/security/PrivilegedActionException'> (0x00000000d793b268) thrown at [/HUDSON/workspace/8-2-build-linux-amd64/jdk8u181/11358/hotspot/src/share/vm/prims/jvm.cpp, line 1435]

Events (10 events):
Event: 6,411 loading class com/sun/javafx/tk/quantum/WindowStage done
Event: 6,417 Thread 0x00007f54f82b8800 Uncommon trap: trap_request=0xffffffde fr.pc=0x00007f54e9575108
Event: 6,417 Thread 0x00007f54f82b8800 DEOPT PACKING pc=0x00007f54e9575108 sp=0x00007f54a8d1e870
Event: 6,417 Thread 0x00007f54f82b8800 DEOPT UNPACKING pc=0x00007f54e904573a sp=0x00007f54a8d1e810 mode 2
Event: 6,421 Thread 0x00007f54f82b8800 Uncommon trap: trap_request=0xffffffde fr.pc=0x00007f54e9575108
Event: 6,421 Thread 0x00007f54f82b8800 DEOPT PACKING pc=0x00007f54e9575108 sp=0x00007f54a8d1d820
Event: 6,421 Thread 0x00007f54f82b8800 DEOPT UNPACKING pc=0x00007f54e904573a sp=0x00007f54a8d1d7b8 mode 2
Event: 6,438 Thread 0x00007f54f82b8800 Uncommon trap: trap_request=0xffffff65 fr.pc=0x00007f54e95868d8
Event: 6,438 Thread 0x00007f54f82b8800 DEOPT PACKING pc=0x00007f54e95868d8 sp=0x00007f54a8d1d1c0
Event: 6,438 Thread 0x00007f54f82b8800 DEOPT UNPACKING pc=0x00007f54e904573a sp=0x00007f54a8d1d180 mode 2


Dynamic libraries:
00400000-00401000 r-xp 00000000 08:09 533737                             /usr/lib/jvm/java-8-oracle/jre/bin/java
00600000-00601000 rw-p 00000000 08:09 533737                             /usr/lib/jvm/java-8-oracle/jre/bin/java
01a72000-01a93000 rw-p 00000000 00:00 0                                  [heap]
403af000-403b1000 r-xs 00000000 08:09 5112257                            /tmp/.glncWQIz (deleted)
411a0000-41241000 rw-p 00000000 00:00 0 
85600000-8a900000 rw-p 00000000 00:00 0 
8a900000-d7200000 ---p 00000000 00:00 0 
d7200000-d9b00000 rw-p 00000000 00:00 0 
d9b00000-100000000 ---p 00000000 00:00 0 
100000000-100300000 rw-p 00000000 00:00 0 
100300000-140000000 ---p 00000000 00:00 0 
7f548c000000-7f548c021000 rw-p 00000000 00:00 0 
7f548c021000-7f5490000000 ---p 00000000 00:00 0 
7f5490fff000-7f5494000000 rw-p 00000000 00:00 0 
7f5494000000-7f5494021000 rw-p 00000000 00:00 0 
7f5494021000-7f5498000000 ---p 00000000 00:00 0 
7f5499e95000-7f5499eab000 r-xp 00000000 08:09 534059                     /usr/lib/jvm/java-8-oracle/jre/lib/amd64/libnet.so
7f5499eab000-7f549a0ab000 ---p 00016000 08:09 534059                     /usr/lib/jvm/java-8-oracle/jre/lib/amd64/libnet.so
7f549a0ab000-7f549a0ac000 rw-p 00016000 08:09 534059                     /usr/lib/jvm/java-8-oracle/jre/lib/amd64/libnet.so
7f549a0ac000-7f549a26c000 rw-p 00000000 00:00 0 
7f549a26c000-7f549a2ac000 ---p 00000000 00:00 0 
7f549a2ac000-7f549a2af000 ---p 00000000 00:00 0 
7f549a2af000-7f549a3ad000 rw-p 00000000 00:00 0 
7f549a3ad000-7f549a7ad000 rw-s 00000000 00:06 488                        /dev/nvidiactl
7f549a7ad000-7f549a9a8000 rw-p 00000000 00:00 0 
7f549aba3000-7f549ada3000 rw-p 00000000 00:00 0 
7f549ada3000-7f549afa3000 rw-s 00000000 00:06 488                        /dev/nvidiactl
7f549afa3000-7f549b7a4000 rw-p 00000000 00:00 0 
7f549b7a4000-7f549b9a4000 rw-s 00000000 00:06 488                        /dev/nvidiactl
7f549b9a4000-7f549ba5d000 r--p 00000000 08:09 1313403                    /usr/share/fonts/truetype/dejavu/DejaVuSans.ttf
7f549ba5d000-7f549bc5d000 rw-p 00000000 00:00 0 
7f549bc5d000-7f549bc60000 ---p 00000000 00:00 0 
7f549bc60000-7f549bf5e000 rw-p 00000000 00:00 0 
7f549bf5e000-7f549c000000 r--p 00000000 08:09 2753326                    /usr/share/fonts/truetype/lato/Lato-Regular.ttf
7f549c000000-7f549c8b5000 rw-p 00000000 00:00 0 
7f549c8b5000-7f54a0000000 ---p 00000000 00:00 0 
7f54a0000000-7f54a0021000 rw-p 00000000 00:00 0 
7f54a0021000-7f54a4000000 ---p 00000000 00:00 0 
7f54a4000000-7f54a4021000 rw-p 00000000 00:00 0 
7f54a4021000-7f54a8000000 ---p 00000000 00:00 0 
7f54a802c000-7f54a8048000 r--s 00393000 08:09 533904                     /usr/lib/jvm/java-8-oracle/jre/lib/ext/cldrdata.jar
7f54a8048000-7f54a805b000 r--s 00345000 08:09 533881                     /usr/lib/jvm/java-8-oracle/jre/lib/resources.jar
7f54a805b000-7f54a8060000 r--s 00084000 08:09 533760                     /usr/lib/jvm/java-8-oracle/jre/lib/jfr.jar
7f54a8060000-7f54a809a000 r--p 00000000 08:09 533779                     /usr/lib/jvm/java-8-oracle/jre/lib/fonts/LucidaTypewriterBold.ttf
7f54a809a000-7f54a80e8000 r--p 00000000 08:09 533775                     /usr/lib/jvm/java-8-oracle/jre/lib/fonts/LucidaSansDemiBold.ttf
7f54a80e8000-7f54a8193000 r--p 00000000 08:09 533773                     /usr/lib/jvm/java-8-oracle/jre/lib/fonts/LucidaSansRegular.ttf
7f54a8193000-7f54a81a6000 r--p 00000000 08:09 533780                     /usr/lib/jvm/java-8-oracle/jre/lib/fonts/LucidaBrightDemiBold.ttf
7f54a81a6000-7f54a81fb000 r--p 00000000 08:09 533774                     /usr/lib/jvm/java-8-oracle/jre/lib/fonts/LucidaBrightRegular.ttf
7f54a81fb000-7f54a820f000 r--p 00000000 08:09 533772                     /usr/lib/jvm/java-8-oracle/jre/lib/fonts/LucidaBrightItalic.ttf
7f54a820f000-7f54a824b000 r--p 00000000 08:09 533778                     /usr/lib/jvm/java-8-oracle/jre/lib/fonts/LucidaTypewriterRegular.ttf
7f54a824b000-7f54a825e000 r--p 00000000 08:09 533777                     /usr/lib/jvm/java-8-oracle/jre/lib/fonts/LucidaBrightDemiItalic.ttf
7f54a825e000-7f54a8262000 r-xp 00000000 08:09 534009                     /usr/lib/jvm/java-8-oracle/jre/lib/amd64/libjavafx_font_pango.so
7f54a8262000-7f54a8461000 ---p 00004000 08:09 534009                     /usr/lib/jvm/java-8-oracle/jre/lib/amd64/libjavafx_font_pango.so
7f54a8461000-7f54a8462000 rw-p 00003000 08:09 534009                     /usr/lib/jvm/java-8-oracle/jre/lib/amd64/libjavafx_font_pango.so
7f54a8462000-7f54a8464000 r--s 00000000 08:09 4981933                    /var/cache/fontconfig/4bb17da730f63117fed329ee42a5d05e-le64.cache-7
7f54a8464000-7f54a846f000 r--s 00000000 08:09 4981112                    /var/cache/fontconfig/945677eb7aeaf62f1d50efc3fb3ec7d8-le64.cache-7
7f54a846f000-7f54a8474000 r--s 00000000 08:09 4981083                    /var/cache/fontconfig/2300eef321c393bfd76478a5c0e95b23-le64.cache-7
7f54a8474000-7f54a8475000 r--s 00000000 08:09 4981076                    /var/cache/fontconfig/0d8c3b2ac0904cb8a57a757ad11a4a08-le64.cache-7
7f54a8475000-7f54a848a000 r--s 00000000 08:09 4981072                    /var/cache/fontconfig/04aabc0a78ac019cf9454389977116d2-le64.cache-7
7f54a848a000-7f54a848b000 r--s 00000000 08:09 4981080                    /var/cache/fontconfig/1ac9eb803944fde146138c791f5cc56a-le64.cache-7
7f54a848b000-7f54a848c000 r--s 00000000 08:09 4981131                    /var/cache/fontconfig/dc05db6664285cc2f12bf69c139ae4c3-le64.cache-7
7f54a848c000-7f54a848e000 r--s 00000000 08:09 4981077                    /var/cache/fontconfig/14a5e22175779b556eaa434240950366-le64.cache-7
7f54a848e000-7f54a848f000 r--s 00000000 08:09 4981104                    /var/cache/fontconfig/660208299946a285a940457d1287da33-le64.cache-7
7f54a848f000-7f54a8491000 r--s 00000000 08:09 4981095                    /var/cache/fontconfig/4f3e3037c9980c83b53a9351efadef62-le64.cache-7
7f54a8491000-7f54a8493000 r--s 00000000 08:09 4981109                    /var/cache/fontconfig/767a8244fc0220cfb567a839d0392e0b-le64.cache-7
7f54a8493000-7f54a8494000 r--s 00000000 08:09 4991165                    /var/cache/fontconfig/4794a0821666d79190d59a36cb4f44b5-le64.cache-7
7f54a8494000-7f54a8496000 r--s 00000000 08:09 4981819                    /var/cache/fontconfig/0bd3dc0958fa2205aaaa8ebb13e2872b-le64.cache-7
7f54a8496000-7f54a849b000 r--s 00000000 08:09 4981132                    /var/cache/fontconfig/def309198bfa603429122923fa2bb2d4-le64.cache-7
7f54a849b000-7f54a849c000 r--s 00000000 08:09 4981120                    /var/cache/fontconfig/b872e6e592da6075ffa4ab0a1fcc0c75-le64.cache-7
7f54a849c000-7f54a849d000 r--s 00000000 08:09 4981137                    /var/cache/fontconfig/f6d4eedfaab2589bde49f7a3ff831d22-le64.cache-7
7f54a849d000-7f54a849e000 r--s 00000000 08:09 4981102                    /var/cache/fontconfig/589f83ef4c36d296ce6e1c846f468f08-le64.cache-7
7f54a849e000-7f54a849f000 r--s 00000000 08:09 4981122                    /var/cache/fontconfig/bab58bb527bb656aaa9f116d68a48d89-le64.cache-7
7f54a849f000-7f54a84a0000 r--s 00000000 08:09 4981081                    /var/cache/fontconfig/2171a34dccabdb6bcbbc728186263178-le64.cache-7
7f54a84a0000-7f54a84a1000 r--s 00000000 08:09 4981123                    /var/cache/fontconfig/c5c45a61289222e0d30b1a26ef4effbe-le64.cache-7
7f54a84a1000-7f54a84a2000 r--s 00000000 08:09 4981118                    /var/cache/fontconfig/aec30016f93e1b46d1a973dce0d74068-le64.cache-7
7f54a84a2000-7f54a84a3000 r--s 00000000 08:09 4981088                    /var/cache/fontconfig/3f589640d34b7dc9042c8d453f7c8b9c-le64.cache-7
7f54a84a3000-7f54a84a4000 r--s 00000000 08:09 4981078                    /var/cache/fontconfig/16c2fda60d1b4b719f4b3d06fd951d25-le64.cache-7
7f54a84a4000-7f54a84a5000 r--s 00000000 08:09 4981117                    /var/cache/fontconfig/a48eab177a16e4f3713381162db2f3e9-le64.cache-7
7f54a84a5000-7f54a84a6000 r--s 00000000 08:09 4981098                    /var/cache/fontconfig/564b2e68ac9bc4e36a6f7f6d6125ec1c-le64.cache-7
7f54a84a6000-7f54a84ab000 r--s 00000000 08:09 4991164                    /var/cache/fontconfig/9d2451b1fd30e5bffe8383fd27c35478-le64.cache-7
7f54a84ab000-7f54a84b1000 r--s 00000000 08:09 4990975                    /var/cache/fontconfig/3047814df9a2f067bd2d96a2b9c36e5a-le64.cache-7
7f54a84b1000-7f54a84b9000 r--s 00000000 08:09 4990836                    /var/cache/fontconfig/bf3b770c553c462765856025a94f1ce6-le64.cache-7
7f54a84b9000-7f54a84ba000 r--s 00000000 08:09 4981099                    /var/cache/fontconfig/56cf4f4769d0f4abc89a4895d7bd3ae1-le64.cache-7
7f54a84ba000-7f54a84bb000 r--s 00000000 08:09 4981121                    /var/cache/fontconfig/b9d506c9ac06c20b433354fa67a72993-le64.cache-7
7f54a84bb000-7f54a84c1000 r--s 00000000 08:09 4981119                    /var/cache/fontconfig/b47c4e1ecd0709278f4910c18777a504-le64.cache-7
7f54a84c1000-7f54a84d4000 r--s 00000000 08:09 4981128                    /var/cache/fontconfig/d52a8644073d54c13679302ca1180695-le64.cache-7
7f54a84d4000-7f54a84d5000 r--s 00000000 08:09 4981086                    /var/cache/fontconfig/370e5b74bf5dafc30834de68e24a87a4-le64.cache-7
7f54a84d5000-7f54a84d6000 r--s 00000000 08:09 4981097                    /var/cache/fontconfig/6b2c5944714ca7831b25bed9e85cb5c8-le64.cache-7
7f54a84d6000-7f54a84d7000 r--s 00000000 08:09 4981127                    /var/cache/fontconfig/d5178ab6d91b49bf20a416737dcea9e8-le64.cache-7
7f54a84d7000-7f54a84d8000 r--s 00000000 08:09 4983089                    /var/cache/fontconfig/551ecf3b0e8b0bca0f25c0944f561853-le64.cache-7
7f54a84d8000-7f54a84db000 r--s 00000000 08:09 4983078                    /var/cache/fontconfig/f259c2cffa685e28062317905db73c4a-le64.cache-7
7f54a84db000-7f54a84e7000 r--s 00000000 08:09 4985794                    /var/cache/fontconfig/d589a48862398ed80a3d6066f4f56f4c-le64.cache-7
7f54a84e7000-7f54a84f5000 r--s 00000000 08:09 4981114                    /var/cache/fontconfig/9b89f8e3dae116d678bbf48e5f21f69b-le64.cache-7
7f54a84f5000-7f54a8503000 r--s 00000000 08:09 4981959                    /var/cache/fontconfig/e13b20fdb08344e0e664864cc2ede53d-le64.cache-7
7f54a8503000-7f54a8508000 r-xp 00000000 08:09 534012                     /usr/lib/jvm/java-8-oracle/jre/lib/amd64/libjavafx_font_freetype.so
7f54a8508000-7f54a8707000 ---p 00005000 08:09 534012                     /usr/lib/jvm/java-8-oracle/jre/lib/amd64/libjavafx_font_freetype.so
7f54a8707000-7f54a8708000 rw-p 00004000 08:09 534012                     /usr/lib/jvm/java-8-oracle/jre/lib/amd64/libjavafx_font_freetype.so
7f54a8708000-7f54a8908000 rw-p 00000000 00:00 0 
7f54a8908000-7f54a890b000 r-xp 00000000 08:09 534060                     /usr/lib/jvm/java-8-oracle/jre/lib/amd64/libjavafx_font.so
7f54a890b000-7f54a8b0a000 ---p 00003000 08:09 534060                     /usr/lib/jvm/java-8-oracle/jre/lib/amd64/libjavafx_font.so
7f54a8b0a000-7f54a8b0b000 rw-p 00002000 08:09 534060                     /usr/lib/jvm/java-8-oracle/jre/lib/amd64/libjavafx_font.so
7f54a8b0b000-7f54a8b22000 r--s 0026c000 08:09 9442831                    /home/brenocg/NetBeansProjects/Biblioteca/dist/run2122498330/lib/jfoenix-8.0.7.jar
7f54a8b22000-7f54a8b25000 ---p 00000000 00:00 0 
7f54a8b25000-7f54a8c23000 rw-p 00000000 00:00 0 
7f54a8c23000-7f54a8c26000 ---p 00000000 00:00 0 
7f54a8c26000-7f54a8d24000 rw-p 00000000 00:00 0 
7f54a8d24000-7f54a8d27000 ---p 00000000 00:00 0 
7f54a8d27000-7f54a8e25000 rw-p 00000000 00:00 0 
7f54a8e25000-7f54a8e5f000 r-xp 00000000 08:09 658423                     /usr/lib/x86_64-linux-gnu/gtk-2.0/2.10.0/engines/libmurrine.so
7f54a8e5f000-7f54a905f000 ---p 0003a000 08:09 658423                     /usr/lib/x86_64-linux-gnu/gtk-2.0/2.10.0/engines/libmurrine.so
7f54a905f000-7f54a9060000 r--p 0003a000 08:09 658423                     /usr/lib/x86_64-linux-gnu/gtk-2.0/2.10.0/engines/libmurrine.so
7f54a9060000-7f54a9061000 rw-p 0003b000 08:09 658423                     /usr/lib/x86_64-linux-gnu/gtk-2.0/2.10.0/engines/libmurrine.so
7f54a9061000-7f54a908a000 r--p 00000000 08:09 1317262                    /usr/share/locale-langpack/pt/LC_MESSAGES/gtk20-properties.mo
7f54a908a000-7f54a90b3000 r--p 00000000 08:09 1317403                    /usr/share/locale-langpack/pt_BR/LC_MESSAGES/gtk20-properties.mo
7f54a90b3000-7f54a90cb000 r--p 00000000 08:09 1314571                    /usr/share/locale-langpack/pt/LC_MESSAGES/libc.mo
7f54a90cb000-7f54a90f1000 r--p 00000000 08:09 1317514                    /usr/share/locale-langpack/pt_BR/LC_MESSAGES/libc.mo
7f54a90f1000-7f54a9100000 r--p 00000000 08:09 1317404                    /usr/share/locale-langpack/pt_BR/LC_MESSAGES/gtk20.mo
7f54a9100000-7f54a9129000 r-xp 00000000 08:09 534034                     /usr/lib/jvm/java-8-oracle/jre/lib/amd64/libglass.so
7f54a9129000-7f54a9328000 ---p 00029000 08:09 534034                     /usr/lib/jvm/java-8-oracle/jre/lib/amd64/libglass.so
7f54a9328000-7f54a932b000 rw-p 00028000 08:09 534034                     /usr/lib/jvm/java-8-oracle/jre/lib/amd64/libglass.so
7f54a932b000-7f54a93ab000 rw-s 00000000 00:06 488                        /dev/nvidiactl
7f54a93ab000-7f54a942b000 rw-s 00000000 00:06 488                        /dev/nvidiactl
7f54a942b000-7f54a94ab000 rw-s 00000000 00:06 488                        /dev/nvidiactl
7f54a94ab000-7f54a95ab000 rw-s 00000000 00:06 488                        /dev/nvidiactl
7f54a95ab000-7f54aa9ca000 r-xp 00000000 08:09 395906                     /usr/lib/x86_64-linux-gnu/libnvidia-glcore.so.390.77
7f54aa9ca000-7f54aa9eb000 rwxp 0141f000 08:09 395906                     /usr/lib/x86_64-linux-gnu/libnvidia-glcore.so.390.77
7f54aa9eb000-7f54aae27000 r-xp 01440000 08:09 395906                     /usr/lib/x86_64-linux-gnu/libnvidia-glcore.so.390.77
7f54aae27000-7f54ab026000 ---p 0187c000 08:09 395906                     /usr/lib/x86_64-linux-gnu/libnvidia-glcore.so.390.77
7f54ab026000-7f54ab399000 rw-p 0187b000 08:09 395906                     /usr/lib/x86_64-linux-gnu/libnvidia-glcore.so.390.77
7f54ab399000-7f54ab3b3000 rw-p 00000000 00:00 0 
7f54ab3b3000-7f54ab3b6000 r-xp 00000000 08:09 398704                     /usr/lib/x86_64-linux-gnu/tls/libnvidia-tls.so.390.77
7f54ab3b6000-7f54ab5b6000 ---p 00003000 08:09 398704                     /usr/lib/x86_64-linux-gnu/tls/libnvidia-tls.so.390.77
7f54ab5b6000-7f54ab5b7000 rw-p 00003000 08:09 398704                     /usr/lib/x86_64-linux-gnu/tls/libnvidia-tls.so.390.77
7f54ab5b7000-7f54ab680000 r-xp 00000000 08:09 395892                     /usr/lib/x86_64-linux-gnu/libGLX_nvidia.so.390.77
7f54ab680000-7f54ab6b4000 rwxp 000c9000 08:09 395892                     /usr/lib/x86_64-linux-gnu/libGLX_nvidia.so.390.77
7f54ab6b4000-7f54ab6c8000 r-xp 000fd000 08:09 395892                     /usr/lib/x86_64-linux-gnu/libGLX_nvidia.so.390.77
7f54ab6c8000-7f54ab8c8000 ---p 00111000 08:09 395892                     /usr/lib/x86_64-linux-gnu/libGLX_nvidia.so.390.77
7f54ab8c8000-7f54ab8ed000 rw-p 00111000 08:09 395892                     /usr/lib/x86_64-linux-gnu/libGLX_nvidia.so.390.77
7f54ab8ed000-7f54ab8f4000 rw-p 00000000 00:00 0 
7f54ab8f4000-7f54ab907000 r-xp 00000000 08:09 7344769                    /lib/x86_64-linux-gnu/libbsd.so.0.8.7
7f54ab907000-7f54abb06000 ---p 00013000 08:09 7344769                    /lib/x86_64-linux-gnu/libbsd.so.0.8.7
7f54abb06000-7f54abb07000 r--p 00012000 08:09 7344769                    /lib/x86_64-linux-gnu/libbsd.so.0.8.7
7f54abb07000-7f54abb08000 rw-p 00013000 08:09 7344769                    /lib/x86_64-linux-gnu/libbsd.so.0.8.7
7f54abb08000-7f54abb09000 rw-p 00000000 00:00 0 
7f54abb09000-7f54abb0f000 r-xp 00000000 08:09 7340092                    /lib/x86_64-linux-gnu/libuuid.so.1.3.0
7f54abb0f000-7f54abd0e000 ---p 00006000 08:09 7340092                    /lib/x86_64-linux-gnu/libuuid.so.1.3.0
7f54abd0e000-7f54abd0f000 r--p 00005000 08:09 7340092                    /lib/x86_64-linux-gnu/libuuid.so.1.3.0
7f54abd0f000-7f54abd10000 rw-p 00006000 08:09 7340092                    /lib/x86_64-linux-gnu/libuuid.so.1.3.0
7f54abd10000-7f54abd16000 r-xp 00000000 08:09 401449                     /usr/lib/x86_64-linux-gnu/libdatrie.so.1.3.3
7f54abd16000-7f54abf15000 ---p 00006000 08:09 401449                     /usr/lib/x86_64-linux-gnu/libdatrie.so.1.3.3
7f54abf15000-7f54abf16000 r--p 00005000 08:09 401449                     /usr/lib/x86_64-linux-gnu/libdatrie.so.1.3.3
7f54abf16000-7f54abf17000 rw-p 00006000 08:09 401449                     /usr/lib/x86_64-linux-gnu/libdatrie.so.1.3.3
7f54abf17000-7f54abf1c000 r-xp 00000000 08:09 401232                     /usr/lib/x86_64-linux-gnu/libXdmcp.so.6.0.0
7f54abf1c000-7f54ac11b000 ---p 00005000 08:09 401232                     /usr/lib/x86_64-linux-gnu/libXdmcp.so.6.0.0
7f54ac11b000-7f54ac11c000 r--p 00004000 08:09 401232                     /usr/lib/x86_64-linux-gnu/libXdmcp.so.6.0.0
7f54ac11c000-7f54ac11d000 rw-p 00005000 08:09 401232                     /usr/lib/x86_64-linux-gnu/libXdmcp.so.6.0.0
7f54ac11d000-7f54ac11f000 r-xp 00000000 08:09 401221                     /usr/lib/x86_64-linux-gnu/libXau.so.6.0.0
7f54ac11f000-7f54ac31f000 ---p 00002000 08:09 401221                     /usr/lib/x86_64-linux-gnu/libXau.so.6.0.0
7f54ac31f000-7f54ac320000 r--p 00002000 08:09 401221                     /usr/lib/x86_64-linux-gnu/libXau.so.6.0.0
7f54ac320000-7f54ac321000 rw-p 00003000 08:09 401221                     /usr/lib/x86_64-linux-gnu/libXau.so.6.0.0
7f54ac321000-7f54ac34c000 r-xp 00000000 08:09 401706                     /usr/lib/x86_64-linux-gnu/libgraphite2.so.3.0.1
7f54ac34c000-7f54ac54b000 ---p 0002b000 08:09 401706                     /usr/lib/x86_64-linux-gnu/libgraphite2.so.3.0.1
7f54ac54b000-7f54ac54d000 r--p 0002a000 08:09 401706                     /usr/lib/x86_64-linux-gnu/libgraphite2.so.3.0.1
7f54ac54d000-7f54ac54e000 rw-p 0002c000 08:09 401706                     /usr/lib/x86_64-linux-gnu/libgraphite2.so.3.0.1
7f54ac54e000-7f54ac595000 r-xp 00000000 08:09 7340048                    /lib/x86_64-linux-gnu/libblkid.so.1.1.0
7f54ac595000-7f54ac795000 ---p 00047000 08:09 7340048                    /lib/x86_64-linux-gnu/libblkid.so.1.1.0
7f54ac795000-7f54ac799000 r--p 00047000 08:09 7340048                    /lib/x86_64-linux-gnu/libblkid.so.1.1.0
7f54ac799000-7f54ac79a000 rw-p 0004b000 08:09 7340048                    /lib/x86_64-linux-gnu/libblkid.so.1.1.0
7f54ac79a000-7f54ac79b000 rw-p 00000000 00:00 0 
7f54ac79b000-7f54ac7dd000 r-xp 00000000 08:09 396621                     /usr/lib/x86_64-linux-gnu/libGLdispatch.so.0.0.0
7f54ac7dd000-7f54ac7f6000 r-xp 00042000 08:09 396621                     /usr/lib/x86_64-linux-gnu/libGLdispatch.so.0.0.0
7f54ac7f6000-7f54ac809000 r-xp 0005b000 08:09 396621                     /usr/lib/x86_64-linux-gnu/libGLdispatch.so.0.0.0
7f54ac809000-7f54aca08000 ---p 0006e000 08:09 396621                     /usr/lib/x86_64-linux-gnu/libGLdispatch.so.0.0.0
7f54aca08000-7f54aca30000 r--p 0006d000 08:09 396621                     /usr/lib/x86_64-linux-gnu/libGLdispatch.so.0.0.0
7f54aca30000-7f54aca31000 rw-p 00095000 08:09 396621                     /usr/lib/x86_64-linux-gnu/libGLdispatch.so.0.0.0
7f54aca31000-7f54aca51000 rw-p 00000000 00:00 0 
7f54aca51000-7f54aca61000 r-xp 00000000 08:09 396611                     /usr/lib/x86_64-linux-gnu/libGLX.so.0.0.0
7f54aca61000-7f54acc60000 ---p 00010000 08:09 396611                     /usr/lib/x86_64-linux-gnu/libGLX.so.0.0.0
7f54acc60000-7f54acc61000 r--p 0000f000 08:09 396611                     /usr/lib/x86_64-linux-gnu/libGLX.so.0.0.0
7f54acc61000-7f54acc62000 rw-p 00010000 08:09 396611                     /usr/lib/x86_64-linux-gnu/libGLX.so.0.0.0
7f54acc62000-7f54acc82000 rw-p 00000000 00:00 0 
7f54acc82000-7f54accf2000 r-xp 00000000 08:09 7344895                    /lib/x86_64-linux-gnu/libpcre.so.3.13.3
7f54accf2000-7f54acef2000 ---p 00070000 08:09 7344895                    /lib/x86_64-linux-gnu/libpcre.so.3.13.3
7f54acef2000-7f54acef3000 r--p 00070000 08:09 7344895                    /lib/x86_64-linux-gnu/libpcre.so.3.13.3
7f54acef3000-7f54acef4000 rw-p 00071000 08:09 7344895                    /lib/x86_64-linux-gnu/libpcre.so.3.13.3
7f54acef4000-7f54acefb000 r-xp 00000000 08:09 401563                     /usr/lib/x86_64-linux-gnu/libffi.so.6.0.4
7f54acefb000-7f54ad0fa000 ---p 00007000 08:09 401563                     /usr/lib/x86_64-linux-gnu/libffi.so.6.0.4
7f54ad0fa000-7f54ad0fb000 r--p 00006000 08:09 401563                     /usr/lib/x86_64-linux-gnu/libffi.so.6.0.4
7f54ad0fb000-7f54ad0fc000 rw-p 00007000 08:09 401563                     /usr/lib/x86_64-linux-gnu/libffi.so.6.0.4
7f54ad0fc000-7f54ad12b000 r-xp 00000000 08:09 7344803                    /lib/x86_64-linux-gnu/libexpat.so.1.6.7
7f54ad12b000-7f54ad32b000 ---p 0002f000 08:09 7344803                    /lib/x86_64-linux-gnu/libexpat.so.1.6.7
7f54ad32b000-7f54ad32d000 r--p 0002f000 08:09 7344803                    /lib/x86_64-linux-gnu/libexpat.so.1.6.7
7f54ad32d000-7f54ad32e000 rw-p 00031000 08:09 7344803                    /lib/x86_64-linux-gnu/libexpat.so.1.6.7
7f54ad32e000-7f54ad336000 r-xp 00000000 08:09 402263                     /usr/lib/x86_64-linux-gnu/libthai.so.0.3.0
7f54ad336000-7f54ad535000 ---p 00008000 08:09 402263                     /usr/lib/x86_64-linux-gnu/libthai.so.0.3.0
7f54ad535000-7f54ad536000 r--p 00007000 08:09 402263                     /usr/lib/x86_64-linux-gnu/libthai.so.0.3.0
7f54ad536000-7f54ad537000 rw-p 00008000 08:09 402263                     /usr/lib/x86_64-linux-gnu/libthai.so.0.3.0
7f54ad537000-7f54ad543000 r-xp 00000000 08:09 402407                     /usr/lib/x86_64-linux-gnu/libxcb-render.so.0.0.0
7f54ad543000-7f54ad742000 ---p 0000c000 08:09 402407                     /usr/lib/x86_64-linux-gnu/libxcb-render.so.0.0.0
7f54ad742000-7f54ad743000 r--p 0000b000 08:09 402407                     /usr/lib/x86_64-linux-gnu/libxcb-render.so.0.0.0
7f54ad743000-7f54ad744000 rw-p 0000c000 08:09 402407                     /usr/lib/x86_64-linux-gnu/libxcb-render.so.0.0.0
7f54ad744000-7f54ad76a000 r-xp 00000000 08:09 402425                     /usr/lib/x86_64-linux-gnu/libxcb.so.1.1.0
7f54ad76a000-7f54ad96a000 ---p 00026000 08:09 402425                     /usr/lib/x86_64-linux-gnu/libxcb.so.1.1.0
7f54ad96a000-7f54ad96b000 r--p 00026000 08:09 402425                     /usr/lib/x86_64-linux-gnu/libxcb.so.1.1.0
7f54ad96b000-7f54ad96c000 rw-p 00027000 08:09 402425                     /usr/lib/x86_64-linux-gnu/libxcb.so.1.1.0
7f54ad96c000-7f54ad96e000 r-xp 00000000 08:09 402413                     /usr/lib/x86_64-linux-gnu/libxcb-shm.so.0.0.0
7f54ad96e000-7f54adb6d000 ---p 00002000 08:09 402413                     /usr/lib/x86_64-linux-gnu/libxcb-shm.so.0.0.0
7f54adb6d000-7f54adb6e000 r--p 00001000 08:09 402413                     /usr/lib/x86_64-linux-gnu/libxcb-shm.so.0.0.0
7f54adb6e000-7f54adb6f000 rw-p 00002000 08:09 402413                     /usr/lib/x86_64-linux-gnu/libxcb-shm.so.0.0.0
7f54adb6f000-7f54adba0000 r-xp 00000000 08:09 393857                     /usr/lib/x86_64-linux-gnu/libpng16.so.16.34.0
7f54adba0000-7f54add9f000 ---p 00031000 08:09 393857                     /usr/lib/x86_64-linux-gnu/libpng16.so.16.34.0
7f54add9f000-7f54adda0000 r--p 00030000 08:09 393857                     /usr/lib/x86_64-linux-gnu/libpng16.so.16.34.0
7f54adda0000-7f54adda1000 rw-p 00031000 08:09 393857                     /usr/lib/x86_64-linux-gnu/libpng16.so.16.34.0
7f54adda1000-7f54ade3e000 r-xp 00000000 08:09 402079                     /usr/lib/x86_64-linux-gnu/libpixman-1.so.0.34.0
7f54ade3e000-7f54ae03d000 ---p 0009d000 08:09 402079                     /usr/lib/x86_64-linux-gnu/libpixman-1.so.0.34.0
7f54ae03d000-7f54ae045000 r--p 0009c000 08:09 402079                     /usr/lib/x86_64-linux-gnu/libpixman-1.so.0.34.0
7f54ae045000-7f54ae046000 rw-p 000a4000 08:09 402079                     /usr/lib/x86_64-linux-gnu/libpixman-1.so.0.34.0
7f54ae046000-7f54ae0e2000 r-xp 00000000 08:09 401789                     /usr/lib/x86_64-linux-gnu/libharfbuzz.so.0.10702.0
7f54ae0e2000-7f54ae2e2000 ---p 0009c000 08:09 401789                     /usr/lib/x86_64-linux-gnu/libharfbuzz.so.0.10702.0
7f54ae2e2000-7f54ae2e3000 r--p 0009c000 08:09 401789                     /usr/lib/x86_64-linux-gnu/libharfbuzz.so.0.10702.0
7f54ae2e3000-7f54ae2e4000 rw-p 0009d000 08:09 401789                     /usr/lib/x86_64-linux-gnu/libharfbuzz.so.0.10702.0
7f54ae2e4000-7f54ae335000 r-xp 00000000 08:09 7340115                    /lib/x86_64-linux-gnu/libmount.so.1.1.0
7f54ae335000-7f54ae534000 ---p 00051000 08:09 7340115                    /lib/x86_64-linux-gnu/libmount.so.1.1.0
7f54ae534000-7f54ae536000 r--p 00050000 08:09 7340115                    /lib/x86_64-linux-gnu/libmount.so.1.1.0
7f54ae536000-7f54ae537000 rw-p 00052000 08:09 7340115                    /lib/x86_64-linux-gnu/libmount.so.1.1.0
7f54ae537000-7f54ae538000 rw-p 00000000 00:00 0 
7f54ae538000-7f54ae54f000 r-xp 00000000 08:09 7344912                    /lib/x86_64-linux-gnu/libresolv-2.27.so
7f54ae54f000-7f54ae74f000 ---p 00017000 08:09 7344912                    /lib/x86_64-linux-gnu/libresolv-2.27.so
7f54ae74f000-7f54ae750000 r--p 00017000 08:09 7344912                    /lib/x86_64-linux-gnu/libresolv-2.27.so
7f54ae750000-7f54ae751000 rw-p 00018000 08:09 7344912                    /lib/x86_64-linux-gnu/libresolv-2.27.so
7f54ae751000-7f54ae753000 rw-p 00000000 00:00 0 
7f54ae753000-7f54ae778000 r-xp 00000000 08:09 7344918                    /lib/x86_64-linux-gnu/libselinux.so.1
7f54ae778000-7f54ae977000 ---p 00025000 08:09 7344918                    /lib/x86_64-linux-gnu/libselinux.so.1
7f54ae977000-7f54ae978000 r--p 00024000 08:09 7344918                    /lib/x86_64-linux-gnu/libselinux.so.1
7f54ae978000-7f54ae979000 rw-p 00025000 08:09 7344918                    /lib/x86_64-linux-gnu/libselinux.so.1
7f54ae979000-7f54ae97b000 rw-p 00000000 00:00 0 
7f54ae97b000-7f54ae997000 r-xp 00000000 08:09 7344945                    /lib/x86_64-linux-gnu/libz.so.1.2.11
7f54ae997000-7f54aeb96000 ---p 0001c000 08:09 7344945                    /lib/x86_64-linux-gnu/libz.so.1.2.11
7f54aeb96000-7f54aeb97000 r--p 0001b000 08:09 7344945                    /lib/x86_64-linux-gnu/libz.so.1.2.11
7f54aeb97000-7f54aeb98000 rw-p 0001c000 08:09 7344945                    /lib/x86_64-linux-gnu/libz.so.1.2.11
7f54aeb98000-7f54aeba9000 r-xp 00000000 08:09 401234                     /usr/lib/x86_64-linux-gnu/libXext.so.6.4.0
7f54aeba9000-7f54aeda8000 ---p 00011000 08:09 401234                     /usr/lib/x86_64-linux-gnu/libXext.so.6.4.0
7f54aeda8000-7f54aeda9000 r--p 00010000 08:09 401234                     /usr/lib/x86_64-linux-gnu/libXext.so.6.4.0
7f54aeda9000-7f54aedaa000 rw-p 00011000 08:09 401234                     /usr/lib/x86_64-linux-gnu/libXext.so.6.4.0
7f54aedaa000-7f54aedac000 r-xp 00000000 08:09 401230                     /usr/lib/x86_64-linux-gnu/libXdamage.so.1.1.0
7f54aedac000-7f54aefab000 ---p 00002000 08:09 401230                     /usr/lib/x86_64-linux-gnu/libXdamage.so.1.1.0
7f54aefab000-7f54aefac000 r--p 00001000 08:09 401230                     /usr/lib/x86_64-linux-gnu/libXdamage.so.1.1.0
7f54aefac000-7f54aefad000 rw-p 00002000 08:09 401230                     /usr/lib/x86_64-linux-gnu/libXdamage.so.1.1.0
7f54aefad000-7f54aefaf000 r-xp 00000000 08:09 401226                     /usr/lib/x86_64-linux-gnu/libXcomposite.so.1.0.0
7f54aefaf000-7f54af1ae000 ---p 00002000 08:09 401226                     /usr/lib/x86_64-linux-gnu/libXcomposite.so.1.0.0
7f54af1ae000-7f54af1af000 r--p 00001000 08:09 401226                     /usr/lib/x86_64-linux-gnu/libXcomposite.so.1.0.0
7f54af1af000-7f54af1b0000 rw-p 00002000 08:09 401226                     /usr/lib/x86_64-linux-gnu/libXcomposite.so.1.0.0
7f54af1b0000-7f54af1b9000 r-xp 00000000 08:09 401228                     /usr/lib/x86_64-linux-gnu/libXcursor.so.1.0.2
7f54af1b9000-7f54af3b8000 ---p 00009000 08:09 401228                     /usr/lib/x86_64-linux-gnu/libXcursor.so.1.0.2
7f54af3b8000-7f54af3b9000 r--p 00008000 08:09 401228                     /usr/lib/x86_64-linux-gnu/libXcursor.so.1.0.2
7f54af3b9000-7f54af3ba000 rw-p 00009000 08:09 401228                     /usr/lib/x86_64-linux-gnu/libXcursor.so.1.0.2
7f54af3ba000-7f54af3c4000 r-xp 00000000 08:09 401252                     /usr/lib/x86_64-linux-gnu/libXrandr.so.2.2.0
7f54af3c4000-7f54af5c3000 ---p 0000a000 08:09 401252                     /usr/lib/x86_64-linux-gnu/libXrandr.so.2.2.0
7f54af5c3000-7f54af5c4000 r--p 00009000 08:09 401252                     /usr/lib/x86_64-linux-gnu/libXrandr.so.2.2.0
7f54af5c4000-7f54af5c5000 rw-p 0000a000 08:09 401252                     /usr/lib/x86_64-linux-gnu/libXrandr.so.2.2.0
7f54af5c5000-7f54af5d4000 r-xp 00000000 08:09 401242                     /usr/lib/x86_64-linux-gnu/libXi.so.6.1.0
7f54af5d4000-7f54af7d3000 ---p 0000f000 08:09 401242                     /usr/lib/x86_64-linux-gnu/libXi.so.6.1.0
7f54af7d3000-7f54af7d4000 r--p 0000e000 08:09 401242                     /usr/lib/x86_64-linux-gnu/libXi.so.6.1.0
7f54af7d4000-7f54af7d5000 rw-p 0000f000 08:09 401242                     /usr/lib/x86_64-linux-gnu/libXi.so.6.1.0
7f54af7d5000-7f54af7d7000 r-xp 00000000 08:09 401244                     /usr/lib/x86_64-linux-gnu/libXinerama.so.1.0.0
7f54af7d7000-7f54af9d6000 ---p 00002000 08:09 401244                     /usr/lib/x86_64-linux-gnu/libXinerama.so.1.0.0
7f54af9d6000-7f54af9d7000 r--p 00001000 08:09 401244                     /usr/lib/x86_64-linux-gnu/libXinerama.so.1.0.0
7f54af9d7000-7f54af9d8000 rw-p 00002000 08:09 401244                     /usr/lib/x86_64-linux-gnu/libXinerama.so.1.0.0
7f54af9d8000-7f54af9e1000 r-xp 00000000 08:09 401254                     /usr/lib/x86_64-linux-gnu/libXrender.so.1.3.0
7f54af9e1000-7f54afbe0000 ---p 00009000 08:09 401254                     /usr/lib/x86_64-linux-gnu/libXrender.so.1.3.0
7f54afbe0000-7f54afbe1000 r--p 00008000 08:09 401254                     /usr/lib/x86_64-linux-gnu/libXrender.so.1.3.0
7f54afbe1000-7f54afbe2000 rw-p 00009000 08:09 401254                     /usr/lib/x86_64-linux-gnu/libXrender.so.1.3.0
7f54afbe2000-7f54afbe7000 r-xp 00000000 08:09 401236                     /usr/lib/x86_64-linux-gnu/libXfixes.so.3.1.0
7f54afbe7000-7f54afde6000 ---p 00005000 08:09 401236                     /usr/lib/x86_64-linux-gnu/libXfixes.so.3.1.0
7f54afde6000-7f54afde7000 r--p 00004000 08:09 401236                     /usr/lib/x86_64-linux-gnu/libXfixes.so.3.1.0
7f54afde7000-7f54afde8000 rw-p 00005000 08:09 401236                     /usr/lib/x86_64-linux-gnu/libXfixes.so.3.1.0
7f54afde8000-7f54afdff000 r-xp 00000000 08:09 7340497                    /lib/x86_64-linux-gnu/libgcc_s.so.1
7f54afdff000-7f54afffe000 ---p 00017000 08:09 7340497                    /lib/x86_64-linux-gnu/libgcc_s.so.1
7f54afffe000-7f54affff000 r--p 00016000 08:09 7340497                    /lib/x86_64-linux-gnu/libgcc_s.so.1
7f54affff000-7f54b0000000 rw-p 00017000 08:09 7340497                    /lib/x86_64-linux-gnu/libgcc_s.so.1
7f54b0000000-7f54b0021000 rw-p 00000000 00:00 0 
7f54b0021000-7f54b4000000 ---p 00000000 00:00 0 
7f54b4000000-7f54b4864000 rw-p 00000000 00:00 0 
7f54b4864000-7f54b8000000 ---p 00000000 00:00 0 
7f54b8000000-7f54b83e9000 rw-p 00000000 00:00 0 
7f54b83e9000-7f54bc000000 ---p 00000000 00:00 0 
7f54bc000000-7f54bc021000 rw-p 00000000 00:00 0 
7f54bc021000-7f54c0000000 ---p 00000000 00:00 0 
7f54c0000000-7f54c0021000 rw-p 00000000 00:00 0 
7f54c0021000-7f54c4000000 ---p 00000000 00:00 0 
7f54c4000000-7f54c429c000 rw-p 00000000 00:00 0 
7f54c429c000-7f54c8000000 ---p 00000000 00:00 0 
7f54c8000000-7f54c8021000 rw-p 00000000 00:00 0 
7f54c8021000-7f54cc000000 ---p 00000000 00:00 0 
7f54cc000000-7f54cc021000 rw-p 00000000 00:00 0 
7f54cc021000-7f54d0000000 ---p 00000000 00:00 0 
7f54d0000000-7f54d0002000 r--s 00000000 08:09 4983080                    /var/cache/fontconfig/550f3886151c940c12a5ed35f6a00586-le64.cache-7
7f54d0002000-7f54d017b000 r-xp 00000000 08:09 400644                     /usr/lib/x86_64-linux-gnu/libstdc++.so.6.0.25
7f54d017b000-7f54d037b000 ---p 00179000 08:09 400644                     /usr/lib/x86_64-linux-gnu/libstdc++.so.6.0.25
7f54d037b000-7f54d0385000 r--p 00179000 08:09 400644                     /usr/lib/x86_64-linux-gnu/libstdc++.so.6.0.25
7f54d0385000-7f54d0387000 rw-p 00183000 08:09 400644                     /usr/lib/x86_64-linux-gnu/libstdc++.so.6.0.25
7f54d0387000-7f54d038b000 rw-p 00000000 00:00 0 
7f54d038b000-7f54d03cf000 r-xp 00000000 08:09 396605                     /usr/lib/x86_64-linux-gnu/libGL.so.1.0.0
7f54d03cf000-7f54d03e8000 r-xp 00044000 08:09 396605                     /usr/lib/x86_64-linux-gnu/libGL.so.1.0.0
7f54d03e8000-7f54d03fc000 r-xp 0005d000 08:09 396605                     /usr/lib/x86_64-linux-gnu/libGL.so.1.0.0
7f54d03fc000-7f54d05fb000 ---p 00071000 08:09 396605                     /usr/lib/x86_64-linux-gnu/libGL.so.1.0.0
7f54d05fb000-7f54d0615000 r--p 00070000 08:09 396605                     /usr/lib/x86_64-linux-gnu/libGL.so.1.0.0
7f54d0615000-7f54d0616000 rw-p 0008a000 08:09 396605                     /usr/lib/x86_64-linux-gnu/libGL.so.1.0.0
7f54d0616000-7f54d0617000 rw-p 00000000 00:00 0 
7f54d0617000-7f54d061c000 r-xp 00000000 08:09 401270                     /usr/lib/x86_64-linux-gnu/libXxf86vm.so.1.0.0
7f54d061c000-7f54d081b000 ---p 00005000 08:09 401270                     /usr/lib/x86_64-linux-gnu/libXxf86vm.so.1.0.0
7f54d081b000-7f54d081c000 r--p 00004000 08:09 401270                     /usr/lib/x86_64-linux-gnu/libXxf86vm.so.1.0.0
7f54d081c000-7f54d081d000 rw-p 00005000 08:09 401270                     /usr/lib/x86_64-linux-gnu/libXxf86vm.so.1.0.0
7f54d081d000-7f54d0950000 r-xp 00000000 08:09 401436                     /usr/lib/x86_64-linux-gnu/libX11.so.6.3.0
7f54d0950000-7f54d0b50000 ---p 00133000 08:09 401436                     /usr/lib/x86_64-linux-gnu/libX11.so.6.3.0
7f54d0b50000-7f54d0b51000 r--p 00133000 08:09 401436                     /usr/lib/x86_64-linux-gnu/libX11.so.6.3.0
7f54d0b51000-7f54d0b55000 rw-p 00134000 08:09 401436                     /usr/lib/x86_64-linux-gnu/libX11.so.6.3.0
7f54d0b55000-7f54d0b5a000 r-xp 00000000 08:09 401260                     /usr/lib/x86_64-linux-gnu/libXtst.so.6.1.0
7f54d0b5a000-7f54d0d59000 ---p 00005000 08:09 401260                     /usr/lib/x86_64-linux-gnu/libXtst.so.6.1.0
7f54d0d59000-7f54d0d5a000 r--p 00004000 08:09 401260                     /usr/lib/x86_64-linux-gnu/libXtst.so.6.1.0
7f54d0d5a000-7f54d0d5b000 rw-p 00005000 08:09 401260                     /usr/lib/x86_64-linux-gnu/libXtst.so.6.1.0
7f54d0d5b000-7f54d0e6e000 r-xp 00000000 08:09 400708                     /usr/lib/x86_64-linux-gnu/libglib-2.0.so.0.5600.2
7f54d0e6e000-7f54d106e000 ---p 00113000 08:09 400708                     /usr/lib/x86_64-linux-gnu/libglib-2.0.so.0.5600.2
7f54d106e000-7f54d106f000 r--p 00113000 08:09 400708                     /usr/lib/x86_64-linux-gnu/libglib-2.0.so.0.5600.2
7f54d106f000-7f54d1070000 rw-p 00114000 08:09 400708                     /usr/lib/x86_64-linux-gnu/libglib-2.0.so.0.5600.2
7f54d1070000-7f54d1071000 rw-p 00000000 00:00 0 
7f54d1071000-7f54d1072000 r-xp 00000000 08:09 400714                     /usr/lib/x86_64-linux-gnu/libgthread-2.0.so.0.5600.2
7f54d1072000-7f54d1271000 ---p 00001000 08:09 400714                     /usr/lib/x86_64-linux-gnu/libgthread-2.0.so.0.5600.2
7f54d1271000-7f54d1272000 r--p 00000000 08:09 400714                     /usr/lib/x86_64-linux-gnu/libgthread-2.0.so.0.5600.2
7f54d1272000-7f54d1273000 rw-p 00001000 08:09 400714                     /usr/lib/x86_64-linux-gnu/libgthread-2.0.so.0.5600.2
7f54d1273000-7f54d1276000 r-xp 00000000 08:09 400712                     /usr/lib/x86_64-linux-gnu/libgmodule-2.0.so.0.5600.2
7f54d1276000-7f54d1475000 ---p 00003000 08:09 400712                     /usr/lib/x86_64-linux-gnu/libgmodule-2.0.so.0.5600.2
7f54d1475000-7f54d1476000 r--p 00002000 08:09 400712                     /usr/lib/x86_64-linux-gnu/libgmodule-2.0.so.0.5600.2
7f54d1476000-7f54d1477000 rw-p 00003000 08:09 400712                     /usr/lib/x86_64-linux-gnu/libgmodule-2.0.so.0.5600.2
7f54d1477000-7f54d14c9000 r-xp 00000000 08:09 400713                     /usr/lib/x86_64-linux-gnu/libgobject-2.0.so.0.5600.2
7f54d14c9000-7f54d16c9000 ---p 00052000 08:09 400713                     /usr/lib/x86_64-linux-gnu/libgobject-2.0.so.0.5600.2
7f54d16c9000-7f54d16ca000 r--p 00052000 08:09 400713                     /usr/lib/x86_64-linux-gnu/libgobject-2.0.so.0.5600.2
7f54d16ca000-7f54d16cb000 rw-p 00053000 08:09 400713                     /usr/lib/x86_64-linux-gnu/libgobject-2.0.so.0.5600.2
7f54d16cb000-7f54d1709000 r-xp 00000000 08:09 401577                     /usr/lib/x86_64-linux-gnu/libfontconfig.so.1.10.1
7f54d1709000-7f54d1909000 ---p 0003e000 08:09 401577                     /usr/lib/x86_64-linux-gnu/libfontconfig.so.1.10.1
7f54d1909000-7f54d190b000 r--p 0003e000 08:09 401577                     /usr/lib/x86_64-linux-gnu/libfontconfig.so.1.10.1
7f54d190b000-7f54d1910000 rw-p 00040000 08:09 401577                     /usr/lib/x86_64-linux-gnu/libfontconfig.so.1.10.1
7f54d1910000-7f54d19bd000 r-xp 00000000 08:09 401595                     /usr/lib/x86_64-linux-gnu/libfreetype.so.6.15.0
7f54d19bd000-7f54d1bbc000 ---p 000ad000 08:09 401595                     /usr/lib/x86_64-linux-gnu/libfreetype.so.6.15.0
7f54d1bbc000-7f54d1bc3000 r--p 000ac000 08:09 401595                     /usr/lib/x86_64-linux-gnu/libfreetype.so.6.15.0
7f54d1bc3000-7f54d1bc4000 rw-p 000b3000 08:09 401595                     /usr/lib/x86_64-linux-gnu/libfreetype.so.6.15.0
7f54d1bc4000-7f54d1c0e000 r-xp 00000000 08:09 393515                     /usr/lib/x86_64-linux-gnu/libpango-1.0.so.0.4000.14
7f54d1c0e000-7f54d1e0d000 ---p 0004a000 08:09 393515                     /usr/lib/x86_64-linux-gnu/libpango-1.0.so.0.4000.14
7f54d1e0d000-7f54d1e10000 r--p 00049000 08:09 393515                     /usr/lib/x86_64-linux-gnu/libpango-1.0.so.0.4000.14
7f54d1e10000-7f54d1e11000 rw-p 0004c000 08:09 393515                     /usr/lib/x86_64-linux-gnu/libpango-1.0.so.0.4000.14
7f54d1e11000-7f54d1f29000 r-xp 00000000 08:09 401372                     /usr/lib/x86_64-linux-gnu/libcairo.so.2.11510.0
7f54d1f29000-7f54d2128000 ---p 00118000 08:09 401372                     /usr/lib/x86_64-linux-gnu/libcairo.so.2.11510.0
7f54d2128000-7f54d212b000 r--p 00117000 08:09 401372                     /usr/lib/x86_64-linux-gnu/libcairo.so.2.11510.0
7f54d212b000-7f54d212d000 rw-p 0011a000 08:09 401372                     /usr/lib/x86_64-linux-gnu/libcairo.so.2.11510.0
7f54d212d000-7f54d212e000 rw-p 00000000 00:00 0 
7f54d212e000-7f54d213a000 r-xp 00000000 08:09 393772                     /usr/lib/x86_64-linux-gnu/libpangocairo-1.0.so.0.4000.14
7f54d213a000-7f54d2339000 ---p 0000c000 08:09 393772                     /usr/lib/x86_64-linux-gnu/libpangocairo-1.0.so.0.4000.14
7f54d2339000-7f54d233a000 r--p 0000b000 08:09 393772                     /usr/lib/x86_64-linux-gnu/libpangocairo-1.0.so.0.4000.14
7f54d233a000-7f54d233b000 rw-p 0000c000 08:09 393772                     /usr/lib/x86_64-linux-gnu/libpangocairo-1.0.so.0.4000.14
7f54d233b000-7f54d235d000 r-xp 00000000 08:09 401633                     /usr/lib/x86_64-linux-gnu/libgdk_pixbuf-2.0.so.0.3611.0
7f54d235d000-7f54d255d000 ---p 00022000 08:09 401633                     /usr/lib/x86_64-linux-gnu/libgdk_pixbuf-2.0.so.0.3611.0
7f54d255d000-7f54d255e000 r--p 00022000 08:09 401633                     /usr/lib/x86_64-linux-gnu/libgdk_pixbuf-2.0.so.0.3611.0
7f54d255e000-7f54d255f000 rw-p 00023000 08:09 401633                     /usr/lib/x86_64-linux-gnu/libgdk_pixbuf-2.0.so.0.3611.0
7f54d255f000-7f54d2573000 r-xp 00000000 08:09 393736                     /usr/lib/x86_64-linux-gnu/libpangoft2-1.0.so.0.4000.14
7f54d2573000-7f54d2773000 ---p 00014000 08:09 393736                     /usr/lib/x86_64-linux-gnu/libpangoft2-1.0.so.0.4000.14
7f54d2773000-7f54d2774000 r--p 00014000 08:09 393736                     /usr/lib/x86_64-linux-gnu/libpangoft2-1.0.so.0.4000.14
7f54d2774000-7f54d2775000 rw-p 00015000 08:09 393736                     /usr/lib/x86_64-linux-gnu/libpangoft2-1.0.so.0.4000.14
7f54d2775000-7f54d290a000 r-xp 00000000 08:09 400705                     /usr/lib/x86_64-linux-gnu/libgio-2.0.so.0.5600.2
7f54d290a000-7f54d2b0a000 ---p 00195000 08:09 400705                     /usr/lib/x86_64-linux-gnu/libgio-2.0.so.0.5600.2
7f54d2b0a000-7f54d2b11000 r--p 00195000 08:09 400705                     /usr/lib/x86_64-linux-gnu/libgio-2.0.so.0.5600.2
7f54d2b11000-7f54d2b12000 rw-p 0019c000 08:09 400705                     /usr/lib/x86_64-linux-gnu/libgio-2.0.so.0.5600.2
7f54d2b12000-7f54d2b14000 rw-p 00000000 00:00 0 
7f54d2b14000-7f54d2b36000 r-xp 00000000 08:09 401307                     /usr/lib/x86_64-linux-gnu/libatk-1.0.so.0.22810.1
7f54d2b36000-7f54d2d36000 ---p 00022000 08:09 401307                     /usr/lib/x86_64-linux-gnu/libatk-1.0.so.0.22810.1
7f54d2d36000-7f54d2d39000 r--p 00022000 08:09 401307                     /usr/lib/x86_64-linux-gnu/libatk-1.0.so.0.22810.1
7f54d2d39000-7f54d2d3a000 rw-p 00025000 08:09 401307                     /usr/lib/x86_64-linux-gnu/libatk-1.0.so.0.22810.1
7f54d2d3a000-7f54d2dea000 r-xp 00000000 08:09 401631                     /usr/lib/x86_64-linux-gnu/libgdk-x11-2.0.so.0.2400.32
7f54d2dea000-7f54d2fe9000 ---p 000b0000 08:09 401631                     /usr/lib/x86_64-linux-gnu/libgdk-x11-2.0.so.0.2400.32
7f54d2fe9000-7f54d2fed000 r--p 000af000 08:09 401631                     /usr/lib/x86_64-linux-gnu/libgdk-x11-2.0.so.0.2400.32
7f54d2fed000-7f54d2fef000 rw-p 000b3000 08:09 401631                     /usr/lib/x86_64-linux-gnu/libgdk-x11-2.0.so.0.2400.32
7f54d2fef000-7f54d3424000 r-xp 00000000 08:09 401764                     /usr/lib/x86_64-linux-gnu/libgtk-x11-2.0.so.0.2400.32
7f54d3424000-7f54d3623000 ---p 00435000 08:09 401764                     /usr/lib/x86_64-linux-gnu/libgtk-x11-2.0.so.0.2400.32
7f54d3623000-7f54d362a000 r--p 00434000 08:09 401764                     /usr/lib/x86_64-linux-gnu/libgtk-x11-2.0.so.0.2400.32
7f54d362a000-7f54d362e000 rw-p 0043b000 08:09 401764                     /usr/lib/x86_64-linux-gnu/libgtk-x11-2.0.so.0.2400.32
7f54d362e000-7f54d3631000 rw-p 00000000 00:00 0 
7f54d3631000-7f54d4000000 r--p 00000000 08:09 400127                     /usr/lib/locale/locale-archive
7f54d4000000-7f54d4021000 rw-p 00000000 00:00 0 
7f54d4021000-7f54d8000000 ---p 00000000 00:00 0 
7f54d8000000-7f54d8003000 r--s 00000000 08:09 4983079                    /var/cache/fontconfig/674d1711f2d1d2a09646eb0bdcadee49-le64.cache-7
7f54d8003000-7f54d8004000 r--s 00000000 08:09 4981089                    /var/cache/fontconfig/3f7329c5293ffd510edef78f73874cfd-le64.cache-7
7f54d8004000-7f54d8044000 rw-s 00000000 00:06 488                        /dev/nvidiactl
7f54d8044000-7f54d8064000 rw-s 00000000 00:06 488                        /dev/nvidiactl
7f54d8064000-7f54d80a4000 rw-s 00000000 00:06 488                        /dev/nvidiactl
7f54d80a4000-7f54d80b0000 r-xp 00000000 08:09 534063                     /usr/lib/jvm/java-8-oracle/jre/lib/amd64/libprism_es2.so
7f54d80b0000-7f54d82af000 ---p 0000c000 08:09 534063                     /usr/lib/jvm/java-8-oracle/jre/lib/amd64/libprism_es2.so
7f54d82af000-7f54d82b0000 rw-p 0000b000 08:09 534063                     /usr/lib/jvm/java-8-oracle/jre/lib/amd64/libprism_es2.so
7f54d82b0000-7f54dc000000 rw-p 00000000 00:00 0 
7f54dc000000-7f54dc021000 rw-p 00000000 00:00 0 
7f54dc021000-7f54e0000000 ---p 00000000 00:00 0 
7f54e0000000-7f54e0021000 rw-p 00000000 00:00 0 
7f54e0021000-7f54e4000000 ---p 00000000 00:00 0 
7f54e4000000-7f54e4021000 rw-p 00000000 00:00 0 
7f54e4021000-7f54e8000000 ---p 00000000 00:00 0 
7f54e8000000-7f54e8001000 r--s 00000000 08:09 4981075                    /var/cache/fontconfig/0c9eb80ebd1c36541ebe2852d3bb0c49-le64.cache-7
7f54e8001000-7f54e8002000 r--s 00000000 08:09 4981082                    /var/cache/fontconfig/22368d551a680bfe5a62c02760edf4ea-le64.cache-7
7f54e8002000-7f54e8003000 r--s 00000000 08:09 4981094                    /var/cache/fontconfig/4d9c95eba1cb85bbcf2878543262124a-le64.cache-7
7f54e8003000-7f54e8004000 r--s 00000000 08:09 4981111                    /var/cache/fontconfig/85e0a52ce643a7ba2ae53e5d6949cead-le64.cache-7
7f54e8004000-7f54e8005000 r--s 00000000 08:09 4981091                    /var/cache/fontconfig/49f0de54bdd920fe4f0dfd4cbac43e6b-le64.cache-7
7f54e8005000-7f54e8018000 rw-s 00000000 00:06 488                        /dev/nvidiactl
7f54e8018000-7f54e8058000 rw-s 00000000 00:06 488                        /dev/nvidiactl
7f54e8058000-7f54e815d000 rw-s 00000000 00:06 488                        /dev/nvidiactl
7f54e815d000-7f54e8160000 ---p 00000000 00:00 0 
7f54e8160000-7f54e825e000 rw-p 00000000 00:00 0 
7f54e825e000-7f54e82f3000 r--s 0110e000 08:09 533905                     /usr/lib/jvm/java-8-oracle/jre/lib/ext/jfxrt.jar
7f54e82f3000-7f54e82f4000 ---p 00000000 00:00 0 
7f54e82f4000-7f54e83f4000 rw-p 00000000 00:00 0 
7f54e83f4000-7f54e83f7000 ---p 00000000 00:00 0 
7f54e83f7000-7f54e84f5000 rw-p 00000000 00:00 0 
7f54e84f5000-7f54e84f6000 ---p 00000000 00:00 0 
7f54e84f6000-7f54e84f9000 ---p 00000000 00:00 0 
7f54e84f9000-7f54e85f6000 rw-p 00000000 00:00 0 
7f54e85f6000-7f54e85f7000 ---p 00000000 00:00 0 
7f54e85f7000-7f54e85fa000 ---p 00000000 00:00 0 
7f54e85fa000-7f54e86f7000 rw-p 00000000 00:00 0 
7f54e86f7000-7f54e86fa000 ---p 00000000 00:00 0 
7f54e86fa000-7f54e87f8000 rw-p 00000000 00:00 0 
7f54e87f8000-7f54e87fb000 ---p 00000000 00:00 0 
7f54e87fb000-7f54e88f9000 rw-p 00000000 00:00 0 
7f54e88f9000-7f54e88fc000 ---p 00000000 00:00 0 
7f54e88fc000-7f54e89fa000 rw-p 00000000 00:00 0 
7f54e89fa000-7f54e89fb000 ---p 00000000 00:00 0 
7f54e89fb000-7f54e9000000 rw-p 00000000 00:00 0 
7f54e9000000-7f54e96c0000 rwxp 00000000 00:00 0 
7f54e96c0000-7f54f8000000 ---p 00000000 00:00 0 
7f54f8000000-7f54f849a000 rw-p 00000000 00:00 0 
7f54f849a000-7f54fc000000 ---p 00000000 00:00 0 
7f54fc000000-7f54fc001000 r--s 00000000 08:09 4981138                    /var/cache/fontconfig/f6e6e0a5c3d2f6ae0c0c2e0ecd42a997-le64.cache-7
7f54fc001000-7f54fc002000 r--s 00000000 08:09 4981092                    /var/cache/fontconfig/4b2eda6bb976bda485cb2176619421d5-le64.cache-7
7f54fc002000-7f54fc004000 r--s 00000000 08:09 4981106                    /var/cache/fontconfig/6afa1bb216ce958c1589e297e8008489-le64.cache-7
7f54fc004000-7f54fc007000 r--s 00000000 08:09 4981931                    /var/cache/fontconfig/bf6ddb0059d58ea573e04b43f868001f-le64.cache-7
7f54fc007000-7f54fc017000 rw-s 00000000 00:06 489                        /dev/nvidia0
7f54fc017000-7f54fc037000 rw-s 00000000 00:06 488                        /dev/nvidiactl
7f54fc043000-7f54fc048000 r--s 0009d000 08:09 533900                     /usr/lib/jvm/java-8-oracle/jre/lib/jsse.jar
7f54fc048000-7f54fc052000 r--s 00116000 08:09 533911                     /usr/lib/jvm/java-8-oracle/jre/lib/ext/localedata.jar
7f54fc052000-7f54fc057000 r--s 002f9000 08:09 533841                     /usr/lib/jvm/java-8-oracle/jre/lib/charsets.jar
7f54fc057000-7f54fc75e000 rw-p 00000000 00:00 0 
7f54fc75e000-7f54fc938000 r--s 03d6b000 08:09 533843                     /usr/lib/jvm/java-8-oracle/jre/lib/rt.jar
7f54fc938000-7f54fd583000 rw-p 00000000 00:00 0 
7f54fd583000-7f54fd584000 ---p 00000000 00:00 0 
7f54fd584000-7f54fd684000 rw-p 00000000 00:00 0 
7f54fd684000-7f54fd685000 ---p 00000000 00:00 0 
7f54fd685000-7f54fd785000 rw-p 00000000 00:00 0 
7f54fd785000-7f54fd786000 ---p 00000000 00:00 0 
7f54fd786000-7f54fd8b0000 rw-p 00000000 00:00 0 
7f54fd8b0000-7f54fdb14000 ---p 00000000 00:00 0 
7f54fdb14000-7f54fdb3e000 rw-p 00000000 00:00 0 
7f54fdb3e000-7f54fdda2000 ---p 00000000 00:00 0 
7f54fdda2000-7f54fddb7000 rw-p 00000000 00:00 0 
7f54fddb7000-7f54fdee9000 ---p 00000000 00:00 0 
7f54fdee9000-7f54fdf05000 rw-p 00000000 00:00 0 
7f54fdf05000-7f54fe2aa000 ---p 00000000 00:00 0 
7f54fe2aa000-7f54fe2c5000 r-xp 00000000 08:09 534055                     /usr/lib/jvm/java-8-oracle/jre/lib/amd64/libzip.so
7f54fe2c5000-7f54fe4c5000 ---p 0001b000 08:09 534055                     /usr/lib/jvm/java-8-oracle/jre/lib/amd64/libzip.so
7f54fe4c5000-7f54fe4c6000 rw-p 0001b000 08:09 534055                     /usr/lib/jvm/java-8-oracle/jre/lib/amd64/libzip.so
7f54fe4c6000-7f54fe4d1000 r-xp 00000000 08:09 7344863                    /lib/x86_64-linux-gnu/libnss_files-2.27.so
7f54fe4d1000-7f54fe6d0000 ---p 0000b000 08:09 7344863                    /lib/x86_64-linux-gnu/libnss_files-2.27.so
7f54fe6d0000-7f54fe6d1000 r--p 0000a000 08:09 7344863                    /lib/x86_64-linux-gnu/libnss_files-2.27.so
7f54fe6d1000-7f54fe6d2000 rw-p 0000b000 08:09 7344863                    /lib/x86_64-linux-gnu/libnss_files-2.27.so
7f54fe6d2000-7f54fe6d8000 rw-p 00000000 00:00 0 
7f54fe6d8000-7f54fe6ef000 r-xp 00000000 08:09 7344857                    /lib/x86_64-linux-gnu/libnsl-2.27.so
7f54fe6ef000-7f54fe8ee000 ---p 00017000 08:09 7344857                    /lib/x86_64-linux-gnu/libnsl-2.27.so
7f54fe8ee000-7f54fe8ef000 r--p 00016000 08:09 7344857                    /lib/x86_64-linux-gnu/libnsl-2.27.so
7f54fe8ef000-7f54fe8f0000 rw-p 00017000 08:09 7344857                    /lib/x86_64-linux-gnu/libnsl-2.27.so
7f54fe8f0000-7f54fe8f2000 rw-p 00000000 00:00 0 
7f54fe8f2000-7f54fe8fd000 r-xp 00000000 08:09 7344874                    /lib/x86_64-linux-gnu/libnss_nis-2.27.so
7f54fe8fd000-7f54feafc000 ---p 0000b000 08:09 7344874                    /lib/x86_64-linux-gnu/libnss_nis-2.27.so
7f54feafc000-7f54feafd000 r--p 0000a000 08:09 7344874                    /lib/x86_64-linux-gnu/libnss_nis-2.27.so
7f54feafd000-7f54feafe000 rw-p 0000b000 08:09 7344874                    /lib/x86_64-linux-gnu/libnss_nis-2.27.so
7f54feafe000-7f54feb06000 r-xp 00000000 08:09 7344859                    /lib/x86_64-linux-gnu/libnss_compat-2.27.so
7f54feb06000-7f54fed06000 ---p 00008000 08:09 7344859                    /lib/x86_64-linux-gnu/libnss_compat-2.27.so
7f54fed06000-7f54fed07000 r--p 00008000 08:09 7344859                    /lib/x86_64-linux-gnu/libnss_compat-2.27.so
7f54fed07000-7f54fed08000 rw-p 00009000 08:09 7344859                    /lib/x86_64-linux-gnu/libnss_compat-2.27.so
7f54fed08000-7f54fed33000 r-xp 00000000 08:09 534049                     /usr/lib/jvm/java-8-oracle/jre/lib/amd64/libjava.so
7f54fed33000-7f54fef32000 ---p 0002b000 08:09 534049                     /usr/lib/jvm/java-8-oracle/jre/lib/amd64/libjava.so
7f54fef32000-7f54fef34000 rw-p 0002a000 08:09 534049                     /usr/lib/jvm/java-8-oracle/jre/lib/amd64/libjava.so
7f54fef34000-7f54fef41000 r-xp 00000000 08:09 534054                     /usr/lib/jvm/java-8-oracle/jre/lib/amd64/libverify.so
7f54fef41000-7f54ff141000 ---p 0000d000 08:09 534054                     /usr/lib/jvm/java-8-oracle/jre/lib/amd64/libverify.so
7f54ff141000-7f54ff143000 rw-p 0000d000 08:09 534054                     /usr/lib/jvm/java-8-oracle/jre/lib/amd64/libverify.so
7f54ff143000-7f54ff14a000 r-xp 00000000 08:09 7344914                    /lib/x86_64-linux-gnu/librt-2.27.so
7f54ff14a000-7f54ff349000 ---p 00007000 08:09 7344914                    /lib/x86_64-linux-gnu/librt-2.27.so
7f54ff349000-7f54ff34a000 r--p 00006000 08:09 7344914                    /lib/x86_64-linux-gnu/librt-2.27.so
7f54ff34a000-7f54ff34b000 rw-p 00007000 08:09 7344914                    /lib/x86_64-linux-gnu/librt-2.27.so
7f54ff34b000-7f54ff4e8000 r-xp 00000000 08:09 7344836                    /lib/x86_64-linux-gnu/libm-2.27.so
7f54ff4e8000-7f54ff6e7000 ---p 0019d000 08:09 7344836                    /lib/x86_64-linux-gnu/libm-2.27.so
7f54ff6e7000-7f54ff6e8000 r--p 0019c000 08:09 7344836                    /lib/x86_64-linux-gnu/libm-2.27.so
7f54ff6e8000-7f54ff6e9000 rw-p 0019d000 08:09 7344836                    /lib/x86_64-linux-gnu/libm-2.27.so
7f54ff6e9000-7f55003c5000 r-xp 00000000 08:09 534031                     /usr/lib/jvm/java-8-oracle/jre/lib/amd64/server/libjvm.so
7f55003c5000-7f55005c5000 ---p 00cdc000 08:09 534031                     /usr/lib/jvm/java-8-oracle/jre/lib/amd64/server/libjvm.so
7f55005c5000-7f550069f000 rw-p 00cdc000 08:09 534031                     /usr/lib/jvm/java-8-oracle/jre/lib/amd64/server/libjvm.so
7f550069f000-7f55006ea000 rw-p 00000000 00:00 0 
7f55006ea000-7f55008d1000 r-xp 00000000 08:09 7344773                    /lib/x86_64-linux-gnu/libc-2.27.so
7f55008d1000-7f5500ad1000 ---p 001e7000 08:09 7344773                    /lib/x86_64-linux-gnu/libc-2.27.so
7f5500ad1000-7f5500ad5000 r--p 001e7000 08:09 7344773                    /lib/x86_64-linux-gnu/libc-2.27.so
7f5500ad5000-7f5500ad7000 rw-p 001eb000 08:09 7344773                    /lib/x86_64-linux-gnu/libc-2.27.so
7f5500ad7000-7f5500adb000 rw-p 00000000 00:00 0 
7f5500adb000-7f5500ade000 r-xp 00000000 08:09 7344796                    /lib/x86_64-linux-gnu/libdl-2.27.so
7f5500ade000-7f5500cdd000 ---p 00003000 08:09 7344796                    /lib/x86_64-linux-gnu/libdl-2.27.so
7f5500cdd000-7f5500cde000 r--p 00002000 08:09 7344796                    /lib/x86_64-linux-gnu/libdl-2.27.so
7f5500cde000-7f5500cdf000 rw-p 00003000 08:09 7344796                    /lib/x86_64-linux-gnu/libdl-2.27.so
7f5500cdf000-7f5500cf5000 r-xp 00000000 08:09 534026                     /usr/lib/jvm/java-8-oracle/jre/lib/amd64/jli/libjli.so
7f5500cf5000-7f5500ef4000 ---p 00016000 08:09 534026                     /usr/lib/jvm/java-8-oracle/jre/lib/amd64/jli/libjli.so
7f5500ef4000-7f5500ef5000 rw-p 00015000 08:09 534026                     /usr/lib/jvm/java-8-oracle/jre/lib/amd64/jli/libjli.so
7f5500ef5000-7f5500f0f000 r-xp 00000000 08:09 7344906                    /lib/x86_64-linux-gnu/libpthread-2.27.so
7f5500f0f000-7f550110e000 ---p 0001a000 08:09 7344906                    /lib/x86_64-linux-gnu/libpthread-2.27.so
7f550110e000-7f550110f000 r--p 00019000 08:09 7344906                    /lib/x86_64-linux-gnu/libpthread-2.27.so
7f550110f000-7f5501110000 rw-p 0001a000 08:09 7344906                    /lib/x86_64-linux-gnu/libpthread-2.27.so
7f5501110000-7f5501114000 rw-p 00000000 00:00 0 
7f5501114000-7f550113b000 r-xp 00000000 08:09 7344745                    /lib/x86_64-linux-gnu/ld-2.27.so
7f550113b000-7f5501144000 r--s 000ec000 08:09 9442832                    /home/brenocg/NetBeansProjects/Biblioteca/dist/run2122498330/lib/mysql-connector-java.jar
7f5501144000-7f5501146000 r--s 0006b000 08:09 9442830                    /home/brenocg/NetBeansProjects/Biblioteca/dist/run2122498330/lib/fontawesomefx-8.8.jar
7f5501146000-7f5501148000 rw-s 00000000 08:09 5112257                    /tmp/.glncWQIz (deleted)
7f5501148000-7f5501219000 rw-p 00000000 00:00 0 
7f5501219000-7f550121a000 ---p 00000000 00:00 0 
7f550121a000-7f550121d000 ---p 00000000 00:00 0 
7f550121d000-7f550131c000 rw-p 00000000 00:00 0 
7f550131c000-7f5501323000 r--s 00000000 08:09 658040                     /usr/lib/x86_64-linux-gnu/gconv/gconv-modules.cache
7f5501323000-7f5501324000 rw-s 00000000 00:06 488                        /dev/nvidiactl
7f5501324000-7f5501328000 rw-s 00000000 00:06 488                        /dev/nvidiactl
7f5501328000-7f5501329000 rw-s 00000000 00:06 489                        /dev/nvidia0
7f5501329000-7f550132a000 rw-s 00000000 00:06 489                        /dev/nvidia0
7f550132a000-7f550132b000 rw-s 00000000 00:06 489                        /dev/nvidia0
7f550132b000-7f550132c000 rw-s 00000000 00:06 488                        /dev/nvidiactl
7f550132c000-7f550132d000 rw-s 00000000 00:06 488                        /dev/nvidiactl
7f550132d000-7f550132f000 r--s 0001b000 08:09 9442795                    /home/brenocg/NetBeansProjects/Biblioteca/dist/run2122498330/Biblioteca.jar
7f550132f000-7f5501337000 rw-s 00000000 08:09 5379784                    /tmp/hsperfdata_brenocg/23476
7f5501337000-7f5501338000 rw-p 00000000 00:00 0 
7f5501338000-7f5501339000 r--p 00000000 00:00 0 
7f5501339000-7f550133b000 rw-p 00000000 00:00 0 
7f550133b000-7f550133c000 r--p 00027000 08:09 7344745                    /lib/x86_64-linux-gnu/ld-2.27.so
7f550133c000-7f550133d000 rw-p 00028000 08:09 7344745                    /lib/x86_64-linux-gnu/ld-2.27.so
7f550133d000-7f550133e000 rw-p 00000000 00:00 0 
7ffca8d23000-7ffca8d44000 rw-p 00000000 00:00 0                          [stack]
7ffca8d6b000-7ffca8d6e000 r--p 00000000 00:00 0                          [vvar]
7ffca8d6e000-7ffca8d70000 r-xp 00000000 00:00 0                          [vdso]
ffffffffff600000-ffffffffff601000 r-xp 00000000 00:00 0                  [vsyscall]

VM Arguments:
jvm_args: -Dfile.encoding=UTF-8 
java_command: /home/brenocg/NetBeansProjects/Biblioteca/dist/run2122498330/Biblioteca.jar
java_class_path (initial): /home/brenocg/NetBeansProjects/Biblioteca/dist/run2122498330/Biblioteca.jar
Launcher Type: SUN_STANDARD

Environment Variables:
JAVA_HOME=/usr/lib/jvm/java-8-oracle
PATH=/usr/local/sbin:/usr/local/bin:/usr/sbin:/usr/bin:/sbin:/bin:/usr/games:/usr/local/games:/snap/bin:/home/brenocg/.dotnet/tools:/usr/lib/jvm/java-8-oracle/bin:/usr/lib/jvm/java-8-oracle/db/bin:/usr/lib/jvm/java-8-oracle/jre/bin
USERNAME=brenocg
LD_LIBRARY_PATH=/usr/lib/jvm/java-8-oracle/jre/lib/amd64:/usr/lib/jvm/java-8-oracle/jre/lib/i386:
SHELL=/usr/bin/zsh
DISPLAY=:0

Signal Handlers:
SIGSEGV: [libjvm.so+0xad2a40], sa_mask[0]=11111111011111111101111111111110, sa_flags=SA_RESTART|SA_SIGINFO
SIGBUS: [libjvm.so+0xad2a40], sa_mask[0]=11111111011111111101111111111110, sa_flags=SA_RESTART|SA_SIGINFO
SIGFPE: [libjvm.so+0x92a610], sa_mask[0]=11111111011111111101111111111110, sa_flags=SA_RESTART|SA_SIGINFO
SIGPIPE: SIG_IGN, sa_mask[0]=00000000000010000000000000000000, sa_flags=SA_RESTART
SIGXFSZ: [libjvm.so+0x92a610], sa_mask[0]=11111111011111111101111111111110, sa_flags=SA_RESTART|SA_SIGINFO
SIGILL: [libjvm.so+0x92a610], sa_mask[0]=11111111011111111101111111111110, sa_flags=SA_RESTART|SA_SIGINFO
SIGUSR1: SIG_DFL, sa_mask[0]=00000000000000000000000000000000, sa_flags=none
SIGUSR2: [libjvm.so+0x92be70], sa_mask[0]=00100000000000000000000000000000, sa_flags=SA_RESTART|SA_SIGINFO
SIGHUP: [libjvm.so+0x92d270], sa_mask[0]=11111111011111111101111111111110, sa_flags=SA_RESTART|SA_SIGINFO
SIGINT: SIG_IGN, sa_mask[0]=00000000000000000000000000000000, sa_flags=none
SIGTERM: [libjvm.so+0x92d270], sa_mask[0]=11111111011111111101111111111110, sa_flags=SA_RESTART|SA_SIGINFO
SIGQUIT: [libjvm.so+0x92d270], sa_mask[0]=11111111011111111101111111111110, sa_flags=SA_RESTART|SA_SIGINFO


---------------  S Y S T E M  ---------------

OS:DISTRIB_ID=Ubuntu
DISTRIB_RELEASE=18.04
DISTRIB_CODENAME=bionic
DISTRIB_DESCRIPTION="Ubuntu 18.04.1 LTS"

uname:Linux 4.15.0-38-generic #41-Ubuntu SMP Wed Oct 10 10:59:38 UTC 2018 x86_64
libc:glibc 2.27 NPTL 2.27 
rlimit: STACK 8192k, CORE 0k, NPROC 30106, NOFILE 1048576, AS infinity
load average:1,10 1,04 0,92

/proc/meminfo:
MemTotal:        8031808 kB
MemFree:         1785996 kB
MemAvailable:    4063184 kB
Buffers:          243116 kB
Cached:          2335068 kB
SwapCached:        37676 kB
Active:          3767424 kB
Inactive:        2058768 kB
Active(anon):    2739588 kB
Inactive(anon):   646064 kB
Active(file):    1027836 kB
Inactive(file):  1412704 kB
Unevictable:         704 kB
Mlocked:             704 kB
SwapTotal:       2097148 kB
SwapFree:        1970160 kB
Dirty:              8920 kB
Writeback:             0 kB
AnonPages:       3213400 kB
Mapped:           626364 kB
Shmem:            137644 kB
Slab:             194304 kB
SReclaimable:     124364 kB
SUnreclaim:        69940 kB
KernelStack:       12896 kB
PageTables:        50708 kB
NFS_Unstable:          0 kB
Bounce:                0 kB
WritebackTmp:          0 kB
CommitLimit:     6113052 kB
Committed_AS:    9302932 kB
VmallocTotal:   34359738367 kB
VmallocUsed:           0 kB
VmallocChunk:          0 kB
HardwareCorrupted:     0 kB
AnonHugePages:         0 kB
ShmemHugePages:        0 kB
ShmemPmdMapped:        0 kB
CmaTotal:              0 kB
CmaFree:               0 kB
HugePages_Total:       0
HugePages_Free:        0
HugePages_Rsvd:        0
HugePages_Surp:        0
Hugepagesize:       2048 kB
DirectMap4k:     4158312 kB
DirectMap2M:     4093952 kB
DirectMap1G:           0 kB


CPU:total 3 (initial active 3) (4 cores per cpu, 1 threads per core) family 6 model 158 stepping 9, cmov, cx8, fxsr, mmx, sse, sse2, sse3, ssse3, sse4.1, sse4.2, popcnt, avx, avx2, aes, clmul, erms, 3dnowpref, lzcnt, tsc, tscinvbit, bmi1, bmi2, adx

/proc/cpuinfo:
processor	: 0
vendor_id	: GenuineIntel
cpu family	: 6
model		: 158
model name	: Intel(R) Core(TM) i5-7300HQ CPU @ 2.50GHz
stepping	: 9
microcode	: 0x8e
cpu MHz		: 3220.982
cache size	: 6144 KB
physical id	: 0
siblings	: 3
core id		: 0
cpu cores	: 3
apicid		: 0
initial apicid	: 0
fpu		: yes
fpu_exception	: yes
cpuid level	: 22
wp		: yes
flags		: fpu vme de pse tsc msr pae mce cx8 apic sep mtrr pge mca cmov pat pse36 clflush dts acpi mmx fxsr sse sse2 ss ht tm pbe syscall nx pdpe1gb rdtscp lm constant_tsc art arch_perfmon pebs bts rep_good nopl xtopology nonstop_tsc cpuid aperfmperf tsc_known_freq pni pclmulqdq dtes64 monitor ds_cpl vmx est tm2 ssse3 sdbg fma cx16 xtpr pdcm pcid sse4_1 sse4_2 x2apic movbe popcnt tsc_deadline_timer aes xsave avx f16c rdrand lahf_lm abm 3dnowprefetch cpuid_fault epb invpcid_single pti ssbd ibrs ibpb stibp tpr_shadow vnmi flexpriority ept vpid fsgsbase tsc_adjust bmi1 avx2 smep bmi2 erms invpcid mpx rdseed adx smap clflushopt intel_pt xsaveopt xsavec xgetbv1 xsaves dtherm ida arat pln pts hwp hwp_notify hwp_act_window hwp_epp flush_l1d
bugs		: cpu_meltdown spectre_v1 spectre_v2 spec_store_bypass l1tf
bogomips	: 4992.00
clflush size	: 64
cache_alignment	: 64
address sizes	: 39 bits physical, 48 bits virtual
power management:

processor	: 1
vendor_id	: GenuineIntel
cpu family	: 6
model		: 158
model name	: Intel(R) Core(TM) i5-7300HQ CPU @ 2.50GHz
stepping	: 9
microcode	: 0x8e
cpu MHz		: 3373.410
cache size	: 6144 KB
physical id	: 0
siblings	: 3
core id		: 1
cpu cores	: 3
apicid		: 2
initial apicid	: 2
fpu		: yes
fpu_exception	: yes
cpuid level	: 22
wp		: yes
flags		: fpu vme de pse tsc msr pae mce cx8 apic sep mtrr pge mca cmov pat pse36 clflush dts acpi mmx fxsr sse sse2 ss ht tm pbe syscall nx pdpe1gb rdtscp lm constant_tsc art arch_perfmon pebs bts rep_good nopl xtopology nonstop_tsc cpuid aperfmperf tsc_known_freq pni pclmulqdq dtes64 monitor ds_cpl vmx est tm2 ssse3 sdbg fma cx16 xtpr pdcm pcid sse4_1 sse4_2 x2apic movbe popcnt tsc_deadline_timer aes xsave avx f16c rdrand lahf_lm abm 3dnowprefetch cpuid_fault epb invpcid_single pti ssbd ibrs ibpb stibp tpr_shadow vnmi flexpriority ept vpid fsgsbase tsc_adjust bmi1 avx2 smep bmi2 erms invpcid mpx rdseed adx smap clflushopt intel_pt xsaveopt xsavec xgetbv1 xsaves dtherm ida arat pln pts hwp hwp_notify hwp_act_window hwp_epp flush_l1d
bugs		: cpu_meltdown spectre_v1 spectre_v2 spec_store_bypass l1tf
bogomips	: 4992.00
clflush size	: 64
cache_alignment	: 64
address sizes	: 39 bits physical, 48 bits virtual
power management:

processor	: 2
vendor_id	: GenuineIntel
cpu family	: 6
model		: 158
model name	: Intel(R) Core(TM) i5-7300HQ CPU @ 2.50GHz
stepping	: 9
microcode	: 0x8e
cpu MHz		: 3253.929
cache size	: 6144 KB
physical id	: 0
siblings	: 3
core id		: 2
cpu cores	: 3
apicid		: 4
initial apicid	: 4
fpu		: yes
fpu_exception	: yes
cpuid level	: 22
wp		: yes
flags		: fpu vme de pse tsc msr pae mce cx8 apic sep mtrr pge mca cmov pat pse36 clflush dts acpi mmx fxsr sse sse2 ss ht tm pbe syscall nx pdpe1gb rdtscp lm constant_tsc art arch_perfmon pebs bts rep_good nopl xtopology nonstop_tsc cpuid aperfmperf tsc_known_freq pni pclmulqdq dtes64 monitor ds_cpl vmx est tm2 ssse3 sdbg fma cx16 xtpr pdcm pcid sse4_1 sse4_2 x2apic movbe popcnt tsc_deadline_timer aes xsave avx f16c rdrand lahf_lm abm 3dnowprefetch cpuid_fault epb invpcid_single pti ssbd ibrs ibpb stibp tpr_shadow vnmi flexpriority ept vpid fsgsbase tsc_adjust bmi1 avx2 smep bmi2 erms invpcid mpx rdseed adx smap clflushopt intel_pt xsaveopt xsavec xgetbv1 xsaves dtherm ida arat pln pts hwp hwp_notify hwp_act_window hwp_epp flush_l1d
bugs		: cpu_meltdown spectre_v1 spectre_v2 spec_store_bypass l1tf
bogomips	: 4992.00
clflush size	: 64
cache_alignment	: 64
address sizes	: 39 bits physical, 48 bits virtual
power management:



Memory: 4k page, physical 8031808k(1785872k free), swap 2097148k(1970160k free)

vm_info: Java HotSpot(TM) 64-Bit Server VM (25.181-b13) for linux-amd64 JRE (1.8.0_181-b13), built on Jul  7 2018 00:56:38 by "java_re" with gcc 4.3.0 20080428 (Red Hat 4.3.0-8)

time: Fri Nov  9 23:41:55 2018
elapsed time: 6 seconds (0d 0h 0m 6s)

